{"/Users/danielteale/Code Projects/assignments/assignment-draft-api/app.js": {"path":"/Users/danielteale/Code Projects/assignments/assignment-draft-api/app.js","statementMap":{"0":{"start":{"line":1,"column":16},"end":{"line":1,"column":34}},"1":{"start":{"line":2,"column":15},"end":{"line":2,"column":32}},"2":{"start":{"line":3,"column":12},"end":{"line":3,"column":21}},"3":{"start":{"line":4,"column":17},"end":{"line":4,"column":45}},"4":{"start":{"line":5,"column":13},"end":{"line":5,"column":28}},"5":{"start":{"line":6,"column":17},"end":{"line":6,"column":37}},"6":{"start":{"line":8,"column":0},"end":{"line":8,"column":30}},"7":{"start":{"line":10,"column":0},"end":{"line":12,"column":3}},"8":{"start":{"line":14,"column":0},"end":{"line":14,"column":46}},"9":{"start":{"line":15,"column":0},"end":{"line":15,"column":23}},"10":{"start":{"line":17,"column":0},"end":{"line":17,"column":27}},"11":{"start":{"line":19,"column":0},"end":{"line":19,"column":28}},"12":{"start":{"line":21,"column":0},"end":{"line":21,"column":21}}},"fnMap":{},"branchMap":{},"s":{"0":2,"1":2,"2":2,"3":2,"4":2,"5":2,"6":2,"7":2,"8":2,"9":2,"10":2,"11":2,"12":2},"f":{},"b":{},"_coverageSchema":"43e27e138ebf9cfc5966b082cf9a028302ed4184","hash":"a6d3b1153f8b8a3a8c6565d0bb875885c45e2d9d"}
,"/Users/danielteale/Code Projects/assignments/assignment-draft-api/config/passport.js": {"path":"/Users/danielteale/Code Projects/assignments/assignment-draft-api/config/passport.js","statementMap":{"0":{"start":{"line":1,"column":0},"end":{"line":1,"column":27}},"1":{"start":{"line":2,"column":17},"end":{"line":2,"column":36}},"2":{"start":{"line":3,"column":18},"end":{"line":3,"column":58}},"3":{"start":{"line":4,"column":44},"end":{"line":4,"column":67}},"4":{"start":{"line":6,"column":0},"end":{"line":6,"column":50}},"5":{"start":{"line":7,"column":0},"end":{"line":7,"column":54}},"6":{"start":{"line":9,"column":0},"end":{"line":26,"column":3}},"7":{"start":{"line":14,"column":4},"end":{"line":24,"column":5}},"8":{"start":{"line":15,"column":19},"end":{"line":15,"column":60}},"9":{"start":{"line":17,"column":6},"end":{"line":19,"column":7}},"10":{"start":{"line":18,"column":8},"end":{"line":18,"column":33}},"11":{"start":{"line":21,"column":6},"end":{"line":21,"column":30}},"12":{"start":{"line":23,"column":6},"end":{"line":23,"column":25}},"13":{"start":{"line":28,"column":0},"end":{"line":28,"column":25}}},"fnMap":{"0":{"name":"(anonymous_0)","decl":{"start":{"line":13,"column":2},"end":{"line":13,"column":3}},"loc":{"start":{"line":13,"column":31},"end":{"line":25,"column":3}},"line":13}},"branchMap":{"0":{"loc":{"start":{"line":17,"column":6},"end":{"line":19,"column":7}},"type":"if","locations":[{"start":{"line":17,"column":6},"end":{"line":19,"column":7}},{"start":{"line":17,"column":6},"end":{"line":19,"column":7}}],"line":17}},"s":{"0":2,"1":2,"2":2,"3":2,"4":2,"5":2,"6":2,"7":3,"8":3,"9":3,"10":0,"11":3,"12":0,"13":2},"f":{"0":3},"b":{"0":[0,3]},"_coverageSchema":"43e27e138ebf9cfc5966b082cf9a028302ed4184","hash":"51ab58c0b467b9939f9f825d3245fd50872d2cb2"}
,"/Users/danielteale/Code Projects/assignments/assignment-draft-api/controllers/chapter_controller.js": {"path":"/Users/danielteale/Code Projects/assignments/assignment-draft-api/controllers/chapter_controller.js","statementMap":{"0":{"start":{"line":1,"column":21},"end":{"line":1,"column":64}},"1":{"start":{"line":4,"column":2},"end":{"line":9,"column":3}},"2":{"start":{"line":5,"column":21},"end":{"line":5,"column":46}},"3":{"start":{"line":6,"column":4},"end":{"line":6,"column":29}},"4":{"start":{"line":8,"column":4},"end":{"line":8,"column":20}},"5":{"start":{"line":13,"column":17},"end":{"line":13,"column":27}},"6":{"start":{"line":14,"column":2},"end":{"line":19,"column":3}},"7":{"start":{"line":15,"column":20},"end":{"line":15,"column":51}},"8":{"start":{"line":16,"column":4},"end":{"line":16,"column":28}},"9":{"start":{"line":18,"column":4},"end":{"line":18,"column":20}},"10":{"start":{"line":23,"column":19},"end":{"line":23,"column":27}},"11":{"start":{"line":24,"column":18},"end":{"line":24,"column":44}},"12":{"start":{"line":25,"column":2},"end":{"line":30,"column":3}},"13":{"start":{"line":26,"column":4},"end":{"line":26,"column":24}},"14":{"start":{"line":27,"column":4},"end":{"line":27,"column":28}},"15":{"start":{"line":29,"column":4},"end":{"line":29,"column":20}},"16":{"start":{"line":34,"column":17},"end":{"line":34,"column":27}},"17":{"start":{"line":35,"column":31},"end":{"line":35,"column":39}},"18":{"start":{"line":36,"column":2},"end":{"line":36,"column":20}},"19":{"start":{"line":37,"column":2},"end":{"line":53,"column":3}},"20":{"start":{"line":38,"column":20},"end":{"line":38,"column":51}},"21":{"start":{"line":39,"column":4},"end":{"line":39,"column":23}},"22":{"start":{"line":40,"column":4},"end":{"line":47,"column":5}},"23":{"start":{"line":41,"column":28},"end":{"line":41,"column":85}},"24":{"start":{"line":41,"column":64},"end":{"line":41,"column":84}},"25":{"start":{"line":42,"column":6},"end":{"line":46,"column":11}},"26":{"start":{"line":43,"column":29},"end":{"line":43,"column":67}},"27":{"start":{"line":45,"column":10},"end":{"line":45,"column":44}},"28":{"start":{"line":48,"column":4},"end":{"line":48,"column":25}},"29":{"start":{"line":49,"column":21},"end":{"line":49,"column":46}},"30":{"start":{"line":50,"column":4},"end":{"line":50,"column":29}},"31":{"start":{"line":52,"column":4},"end":{"line":52,"column":20}},"32":{"start":{"line":57,"column":17},"end":{"line":57,"column":27}},"33":{"start":{"line":58,"column":2},"end":{"line":64,"column":3}},"34":{"start":{"line":59,"column":20},"end":{"line":59,"column":51}},"35":{"start":{"line":60,"column":4},"end":{"line":60,"column":38}},"36":{"start":{"line":61,"column":4},"end":{"line":61,"column":30}},"37":{"start":{"line":63,"column":4},"end":{"line":63,"column":20}},"38":{"start":{"line":67,"column":0},"end":{"line":73,"column":1}}},"fnMap":{"0":{"name":"index","decl":{"start":{"line":3,"column":15},"end":{"line":3,"column":20}},"loc":{"start":{"line":3,"column":37},"end":{"line":10,"column":1}},"line":3},"1":{"name":"show","decl":{"start":{"line":12,"column":15},"end":{"line":12,"column":19}},"loc":{"start":{"line":12,"column":36},"end":{"line":20,"column":1}},"line":12},"2":{"name":"create","decl":{"start":{"line":22,"column":15},"end":{"line":22,"column":21}},"loc":{"start":{"line":22,"column":38},"end":{"line":31,"column":1}},"line":22},"3":{"name":"update","decl":{"start":{"line":33,"column":15},"end":{"line":33,"column":21}},"loc":{"start":{"line":33,"column":38},"end":{"line":54,"column":1}},"line":33},"4":{"name":"(anonymous_4)","decl":{"start":{"line":41,"column":51},"end":{"line":41,"column":52}},"loc":{"start":{"line":41,"column":64},"end":{"line":41,"column":84}},"line":41},"5":{"name":"(anonymous_5)","decl":{"start":{"line":43,"column":16},"end":{"line":43,"column":17}},"loc":{"start":{"line":43,"column":29},"end":{"line":43,"column":67}},"line":43},"6":{"name":"(anonymous_6)","decl":{"start":{"line":44,"column":17},"end":{"line":44,"column":18}},"loc":{"start":{"line":44,"column":30},"end":{"line":46,"column":9}},"line":44},"7":{"name":"remove","decl":{"start":{"line":56,"column":15},"end":{"line":56,"column":21}},"loc":{"start":{"line":56,"column":38},"end":{"line":65,"column":1}},"line":56}},"branchMap":{"0":{"loc":{"start":{"line":40,"column":4},"end":{"line":47,"column":5}},"type":"if","locations":[{"start":{"line":40,"column":4},"end":{"line":47,"column":5}},{"start":{"line":40,"column":4},"end":{"line":47,"column":5}}],"line":40}},"s":{"0":2,"1":0,"2":0,"3":0,"4":0,"5":0,"6":0,"7":0,"8":0,"9":0,"10":0,"11":0,"12":0,"13":0,"14":0,"15":0,"16":0,"17":0,"18":0,"19":0,"20":0,"21":0,"22":0,"23":0,"24":0,"25":0,"26":0,"27":0,"28":0,"29":0,"30":0,"31":0,"32":0,"33":0,"34":0,"35":0,"36":0,"37":0,"38":2},"f":{"0":0,"1":0,"2":0,"3":0,"4":0,"5":0,"6":0,"7":0},"b":{"0":[0,0]},"_coverageSchema":"43e27e138ebf9cfc5966b082cf9a028302ed4184","hash":"a686be6445e2718d7b07306dde0b42bf0f637ddd"}
,"/Users/danielteale/Code Projects/assignments/assignment-draft-api/controllers/event_controller.js": {"path":"/Users/danielteale/Code Projects/assignments/assignment-draft-api/controllers/event_controller.js","statementMap":{"0":{"start":{"line":1,"column":19},"end":{"line":1,"column":60}},"1":{"start":{"line":2,"column":19},"end":{"line":2,"column":53}},"2":{"start":{"line":3,"column":19},"end":{"line":3,"column":40}},"3":{"start":{"line":4,"column":17},"end":{"line":4,"column":37}},"4":{"start":{"line":5,"column":11},"end":{"line":5,"column":30}},"5":{"start":{"line":8,"column":2},"end":{"line":13,"column":3}},"6":{"start":{"line":9,"column":19},"end":{"line":9,"column":90}},"7":{"start":{"line":10,"column":4},"end":{"line":10,"column":27}},"8":{"start":{"line":12,"column":4},"end":{"line":12,"column":34}},"9":{"start":{"line":17,"column":15},"end":{"line":17,"column":25}},"10":{"start":{"line":18,"column":2},"end":{"line":23,"column":3}},"11":{"start":{"line":19,"column":18},"end":{"line":19,"column":47}},"12":{"start":{"line":20,"column":4},"end":{"line":20,"column":38}},"13":{"start":{"line":22,"column":4},"end":{"line":22,"column":36}},"14":{"start":{"line":27,"column":20},"end":{"line":27,"column":30}},"15":{"start":{"line":28,"column":2},"end":{"line":33,"column":3}},"16":{"start":{"line":29,"column":19},"end":{"line":29,"column":60}},"17":{"start":{"line":30,"column":4},"end":{"line":30,"column":40}},"18":{"start":{"line":32,"column":4},"end":{"line":32,"column":36}},"19":{"start":{"line":38,"column":13},"end":{"line":38,"column":34}},"20":{"start":{"line":39,"column":2},"end":{"line":75,"column":4}},"21":{"start":{"line":40,"column":4},"end":{"line":40,"column":40}},"22":{"start":{"line":40,"column":16},"end":{"line":40,"column":39}},"23":{"start":{"line":41,"column":4},"end":{"line":41,"column":23}},"24":{"start":{"line":42,"column":4},"end":{"line":74,"column":5}},"25":{"start":{"line":44,"column":6},"end":{"line":52,"column":7}},"26":{"start":{"line":45,"column":21},"end":{"line":45,"column":39}},"27":{"start":{"line":46,"column":23},"end":{"line":46,"column":44}},"28":{"start":{"line":47,"column":21},"end":{"line":47,"column":37}},"29":{"start":{"line":48,"column":26},"end":{"line":48,"column":47}},"30":{"start":{"line":49,"column":25},"end":{"line":49,"column":47}},"31":{"start":{"line":51,"column":19},"end":{"line":51,"column":70}},"32":{"start":{"line":53,"column":25},"end":{"line":53,"column":27}},"33":{"start":{"line":54,"column":6},"end":{"line":56,"column":7}},"34":{"start":{"line":55,"column":8},"end":{"line":55,"column":41}},"35":{"start":{"line":58,"column":6},"end":{"line":62,"column":7}},"36":{"start":{"line":59,"column":8},"end":{"line":59,"column":41}},"37":{"start":{"line":61,"column":8},"end":{"line":61,"column":78}},"38":{"start":{"line":64,"column":20},"end":{"line":64,"column":46}},"39":{"start":{"line":65,"column":6},"end":{"line":71,"column":7}},"40":{"start":{"line":66,"column":8},"end":{"line":66,"column":27}},"41":{"start":{"line":67,"column":23},"end":{"line":67,"column":94}},"42":{"start":{"line":68,"column":8},"end":{"line":68,"column":32}},"43":{"start":{"line":70,"column":8},"end":{"line":70,"column":32}},"44":{"start":{"line":73,"column":6},"end":{"line":73,"column":27}},"45":{"start":{"line":81,"column":13},"end":{"line":81,"column":34}},"46":{"start":{"line":82,"column":2},"end":{"line":123,"column":4}},"47":{"start":{"line":83,"column":4},"end":{"line":83,"column":40}},"48":{"start":{"line":83,"column":16},"end":{"line":83,"column":39}},"49":{"start":{"line":85,"column":4},"end":{"line":122,"column":5}},"50":{"start":{"line":87,"column":6},"end":{"line":95,"column":7}},"51":{"start":{"line":88,"column":21},"end":{"line":88,"column":39}},"52":{"start":{"line":89,"column":23},"end":{"line":89,"column":44}},"53":{"start":{"line":90,"column":21},"end":{"line":90,"column":37}},"54":{"start":{"line":91,"column":26},"end":{"line":91,"column":47}},"55":{"start":{"line":92,"column":25},"end":{"line":92,"column":47}},"56":{"start":{"line":94,"column":19},"end":{"line":94,"column":70}},"57":{"start":{"line":97,"column":25},"end":{"line":97,"column":27}},"58":{"start":{"line":98,"column":6},"end":{"line":100,"column":7}},"59":{"start":{"line":99,"column":8},"end":{"line":99,"column":41}},"60":{"start":{"line":102,"column":6},"end":{"line":106,"column":7}},"61":{"start":{"line":103,"column":8},"end":{"line":103,"column":41}},"62":{"start":{"line":105,"column":8},"end":{"line":105,"column":78}},"63":{"start":{"line":111,"column":6},"end":{"line":119,"column":7}},"64":{"start":{"line":112,"column":22},"end":{"line":112,"column":83}},"65":{"start":{"line":114,"column":8},"end":{"line":114,"column":27}},"66":{"start":{"line":115,"column":23},"end":{"line":115,"column":94}},"67":{"start":{"line":116,"column":8},"end":{"line":116,"column":32}},"68":{"start":{"line":118,"column":8},"end":{"line":118,"column":32}},"69":{"start":{"line":121,"column":6},"end":{"line":121,"column":30}},"70":{"start":{"line":153,"column":17},"end":{"line":153,"column":27}},"71":{"start":{"line":155,"column":2},"end":{"line":161,"column":3}},"72":{"start":{"line":156,"column":18},"end":{"line":156,"column":47}},"73":{"start":{"line":157,"column":4},"end":{"line":157,"column":34}},"74":{"start":{"line":158,"column":4},"end":{"line":158,"column":30}},"75":{"start":{"line":160,"column":4},"end":{"line":160,"column":20}},"76":{"start":{"line":164,"column":0},"end":{"line":171,"column":1}}},"fnMap":{"0":{"name":"index","decl":{"start":{"line":7,"column":15},"end":{"line":7,"column":20}},"loc":{"start":{"line":7,"column":37},"end":{"line":14,"column":1}},"line":7},"1":{"name":"show","decl":{"start":{"line":16,"column":15},"end":{"line":16,"column":19}},"loc":{"start":{"line":16,"column":36},"end":{"line":24,"column":1}},"line":16},"2":{"name":"chapterIndex","decl":{"start":{"line":26,"column":15},"end":{"line":26,"column":27}},"loc":{"start":{"line":26,"column":44},"end":{"line":34,"column":1}},"line":26},"3":{"name":"create","decl":{"start":{"line":37,"column":15},"end":{"line":37,"column":21}},"loc":{"start":{"line":37,"column":32},"end":{"line":76,"column":1}},"line":37},"4":{"name":"(anonymous_4)","decl":{"start":{"line":39,"column":18},"end":{"line":39,"column":19}},"loc":{"start":{"line":39,"column":50},"end":{"line":75,"column":3}},"line":39},"5":{"name":"update","decl":{"start":{"line":79,"column":15},"end":{"line":79,"column":21}},"loc":{"start":{"line":79,"column":38},"end":{"line":150,"column":1}},"line":79},"6":{"name":"(anonymous_6)","decl":{"start":{"line":82,"column":18},"end":{"line":82,"column":19}},"loc":{"start":{"line":82,"column":50},"end":{"line":123,"column":3}},"line":82},"7":{"name":"remove","decl":{"start":{"line":152,"column":15},"end":{"line":152,"column":21}},"loc":{"start":{"line":152,"column":38},"end":{"line":162,"column":1}},"line":152}},"branchMap":{"0":{"loc":{"start":{"line":40,"column":4},"end":{"line":40,"column":40}},"type":"if","locations":[{"start":{"line":40,"column":4},"end":{"line":40,"column":40}},{"start":{"line":40,"column":4},"end":{"line":40,"column":40}}],"line":40},"1":{"loc":{"start":{"line":44,"column":6},"end":{"line":52,"column":7}},"type":"if","locations":[{"start":{"line":44,"column":6},"end":{"line":52,"column":7}},{"start":{"line":44,"column":6},"end":{"line":52,"column":7}}],"line":44},"2":{"loc":{"start":{"line":58,"column":6},"end":{"line":62,"column":7}},"type":"if","locations":[{"start":{"line":58,"column":6},"end":{"line":62,"column":7}},{"start":{"line":58,"column":6},"end":{"line":62,"column":7}}],"line":58},"3":{"loc":{"start":{"line":83,"column":4},"end":{"line":83,"column":40}},"type":"if","locations":[{"start":{"line":83,"column":4},"end":{"line":83,"column":40}},{"start":{"line":83,"column":4},"end":{"line":83,"column":40}}],"line":83},"4":{"loc":{"start":{"line":87,"column":6},"end":{"line":95,"column":7}},"type":"if","locations":[{"start":{"line":87,"column":6},"end":{"line":95,"column":7}},{"start":{"line":87,"column":6},"end":{"line":95,"column":7}}],"line":87},"5":{"loc":{"start":{"line":102,"column":6},"end":{"line":106,"column":7}},"type":"if","locations":[{"start":{"line":102,"column":6},"end":{"line":106,"column":7}},{"start":{"line":102,"column":6},"end":{"line":106,"column":7}}],"line":102}},"s":{"0":2,"1":2,"2":2,"3":2,"4":2,"5":1,"6":1,"7":1,"8":0,"9":0,"10":0,"11":0,"12":0,"13":0,"14":0,"15":0,"16":0,"17":0,"18":0,"19":1,"20":1,"21":1,"22":0,"23":1,"24":1,"25":1,"26":0,"27":0,"28":0,"29":0,"30":0,"31":0,"32":1,"33":1,"34":9,"35":1,"36":0,"37":1,"38":1,"39":1,"40":1,"41":1,"42":1,"43":0,"44":0,"45":1,"46":1,"47":1,"48":0,"49":1,"50":1,"51":0,"52":0,"53":0,"54":0,"55":0,"56":0,"57":1,"58":1,"59":1,"60":1,"61":0,"62":1,"63":1,"64":1,"65":1,"66":1,"67":1,"68":0,"69":0,"70":0,"71":0,"72":0,"73":0,"74":0,"75":0,"76":2},"f":{"0":1,"1":0,"2":0,"3":1,"4":1,"5":1,"6":1,"7":0},"b":{"0":[0,1],"1":[0,1],"2":[0,1],"3":[0,1],"4":[0,1],"5":[0,1]},"_coverageSchema":"43e27e138ebf9cfc5966b082cf9a028302ed4184","hash":"0bd1d5faf6ae2dfac503215abff9dd22aabc2002"}
,"/Users/danielteale/Code Projects/assignments/assignment-draft-api/controllers/mailing_list_controller.js": {"path":"/Users/danielteale/Code Projects/assignments/assignment-draft-api/controllers/mailing_list_controller.js","statementMap":{"0":{"start":{"line":1,"column":25},"end":{"line":1,"column":73}},"1":{"start":{"line":4,"column":2},"end":{"line":9,"column":3}},"2":{"start":{"line":5,"column":24},"end":{"line":5,"column":53}},"3":{"start":{"line":6,"column":4},"end":{"line":6,"column":32}},"4":{"start":{"line":8,"column":4},"end":{"line":8,"column":20}},"5":{"start":{"line":13,"column":15},"end":{"line":13,"column":25}},"6":{"start":{"line":14,"column":2},"end":{"line":19,"column":3}},"7":{"start":{"line":15,"column":24},"end":{"line":15,"column":59}},"8":{"start":{"line":16,"column":4},"end":{"line":16,"column":33}},"9":{"start":{"line":18,"column":4},"end":{"line":18,"column":20}},"10":{"start":{"line":23,"column":20},"end":{"line":23,"column":30}},"11":{"start":{"line":24,"column":2},"end":{"line":29,"column":3}},"12":{"start":{"line":25,"column":24},"end":{"line":25,"column":71}},"13":{"start":{"line":26,"column":4},"end":{"line":26,"column":32}},"14":{"start":{"line":28,"column":4},"end":{"line":28,"column":20}},"15":{"start":{"line":33,"column":33},"end":{"line":33,"column":41}},"16":{"start":{"line":34,"column":22},"end":{"line":34,"column":66}},"17":{"start":{"line":35,"column":2},"end":{"line":40,"column":3}},"18":{"start":{"line":36,"column":4},"end":{"line":36,"column":29}},"19":{"start":{"line":37,"column":4},"end":{"line":37,"column":32}},"20":{"start":{"line":39,"column":4},"end":{"line":39,"column":24}},"21":{"start":{"line":44,"column":15},"end":{"line":44,"column":25}},"22":{"start":{"line":45,"column":33},"end":{"line":45,"column":41}},"23":{"start":{"line":46,"column":2},"end":{"line":58,"column":3}},"24":{"start":{"line":47,"column":24},"end":{"line":47,"column":59}},"25":{"start":{"line":49,"column":4},"end":{"line":49,"column":28}},"26":{"start":{"line":50,"column":4},"end":{"line":50,"column":30}},"27":{"start":{"line":51,"column":4},"end":{"line":51,"column":34}},"28":{"start":{"line":53,"column":4},"end":{"line":53,"column":29}},"29":{"start":{"line":55,"column":4},"end":{"line":55,"column":33}},"30":{"start":{"line":57,"column":4},"end":{"line":57,"column":20}},"31":{"start":{"line":62,"column":15},"end":{"line":62,"column":25}},"32":{"start":{"line":63,"column":2},"end":{"line":69,"column":3}},"33":{"start":{"line":64,"column":24},"end":{"line":64,"column":59}},"34":{"start":{"line":65,"column":4},"end":{"line":65,"column":47}},"35":{"start":{"line":66,"column":4},"end":{"line":66,"column":30}},"36":{"start":{"line":68,"column":4},"end":{"line":68,"column":21}},"37":{"start":{"line":72,"column":0},"end":{"line":79,"column":1}}},"fnMap":{"0":{"name":"index","decl":{"start":{"line":3,"column":15},"end":{"line":3,"column":20}},"loc":{"start":{"line":3,"column":37},"end":{"line":10,"column":1}},"line":3},"1":{"name":"show","decl":{"start":{"line":12,"column":15},"end":{"line":12,"column":19}},"loc":{"start":{"line":12,"column":36},"end":{"line":20,"column":1}},"line":12},"2":{"name":"chapterIndex","decl":{"start":{"line":22,"column":15},"end":{"line":22,"column":27}},"loc":{"start":{"line":22,"column":44},"end":{"line":30,"column":1}},"line":22},"3":{"name":"create","decl":{"start":{"line":32,"column":15},"end":{"line":32,"column":21}},"loc":{"start":{"line":32,"column":38},"end":{"line":41,"column":1}},"line":32},"4":{"name":"update","decl":{"start":{"line":43,"column":15},"end":{"line":43,"column":21}},"loc":{"start":{"line":43,"column":38},"end":{"line":59,"column":1}},"line":43},"5":{"name":"remove","decl":{"start":{"line":61,"column":15},"end":{"line":61,"column":21}},"loc":{"start":{"line":61,"column":38},"end":{"line":70,"column":1}},"line":61}},"branchMap":{},"s":{"0":2,"1":0,"2":0,"3":0,"4":0,"5":0,"6":0,"7":0,"8":0,"9":0,"10":0,"11":0,"12":0,"13":0,"14":0,"15":0,"16":0,"17":0,"18":0,"19":0,"20":0,"21":0,"22":0,"23":0,"24":0,"25":0,"26":0,"27":0,"28":0,"29":0,"30":0,"31":0,"32":0,"33":0,"34":0,"35":0,"36":0,"37":2},"f":{"0":0,"1":0,"2":0,"3":0,"4":0,"5":0},"b":{},"_coverageSchema":"43e27e138ebf9cfc5966b082cf9a028302ed4184","hash":"1acebef6b7e97acc760530e67d4e93723ce13f53"}
,"/Users/danielteale/Code Projects/assignments/assignment-draft-api/controllers/news_controller.js": {"path":"/Users/danielteale/Code Projects/assignments/assignment-draft-api/controllers/news_controller.js","statementMap":{"0":{"start":{"line":1,"column":19},"end":{"line":1,"column":40}},"1":{"start":{"line":2,"column":19},"end":{"line":2,"column":53}},"2":{"start":{"line":3,"column":18},"end":{"line":3,"column":58}},"3":{"start":{"line":6,"column":2},"end":{"line":11,"column":3}},"4":{"start":{"line":7,"column":17},"end":{"line":7,"column":39}},"5":{"start":{"line":8,"column":4},"end":{"line":8,"column":25}},"6":{"start":{"line":10,"column":4},"end":{"line":10,"column":27}},"7":{"start":{"line":16,"column":13},"end":{"line":16,"column":34}},"8":{"start":{"line":17,"column":2},"end":{"line":42,"column":4}},"9":{"start":{"line":18,"column":4},"end":{"line":18,"column":38}},"10":{"start":{"line":18,"column":15},"end":{"line":18,"column":38}},"11":{"start":{"line":19,"column":4},"end":{"line":41,"column":5}},"12":{"start":{"line":20,"column":6},"end":{"line":22,"column":7}},"13":{"start":{"line":21,"column":19},"end":{"line":21,"column":53}},"14":{"start":{"line":23,"column":25},"end":{"line":23,"column":67}},"15":{"start":{"line":25,"column":19},"end":{"line":25,"column":29}},"16":{"start":{"line":27,"column":6},"end":{"line":27,"column":36}},"17":{"start":{"line":28,"column":6},"end":{"line":28,"column":35}},"18":{"start":{"line":30,"column":23},"end":{"line":30,"column":48}},"19":{"start":{"line":32,"column":6},"end":{"line":38,"column":7}},"20":{"start":{"line":33,"column":8},"end":{"line":33,"column":30}},"21":{"start":{"line":34,"column":21},"end":{"line":34,"column":43}},"22":{"start":{"line":35,"column":8},"end":{"line":35,"column":29}},"23":{"start":{"line":37,"column":8},"end":{"line":37,"column":31}},"24":{"start":{"line":40,"column":6},"end":{"line":40,"column":29}},"25":{"start":{"line":46,"column":15},"end":{"line":46,"column":25}},"26":{"start":{"line":47,"column":13},"end":{"line":47,"column":34}},"27":{"start":{"line":48,"column":2},"end":{"line":71,"column":4}},"28":{"start":{"line":49,"column":4},"end":{"line":49,"column":38}},"29":{"start":{"line":49,"column":15},"end":{"line":49,"column":38}},"30":{"start":{"line":50,"column":4},"end":{"line":70,"column":5}},"31":{"start":{"line":51,"column":6},"end":{"line":53,"column":7}},"32":{"start":{"line":52,"column":19},"end":{"line":52,"column":53}},"33":{"start":{"line":54,"column":23},"end":{"line":54,"column":51}},"34":{"start":{"line":55,"column":26},"end":{"line":55,"column":78}},"35":{"start":{"line":57,"column":19},"end":{"line":57,"column":29}},"36":{"start":{"line":59,"column":6},"end":{"line":59,"column":36}},"37":{"start":{"line":61,"column":6},"end":{"line":67,"column":7}},"38":{"start":{"line":62,"column":8},"end":{"line":62,"column":33}},"39":{"start":{"line":63,"column":21},"end":{"line":63,"column":43}},"40":{"start":{"line":64,"column":8},"end":{"line":64,"column":29}},"41":{"start":{"line":66,"column":8},"end":{"line":66,"column":31}},"42":{"start":{"line":69,"column":6},"end":{"line":69,"column":29}},"43":{"start":{"line":75,"column":17},"end":{"line":75,"column":27}},"44":{"start":{"line":76,"column":2},"end":{"line":83,"column":3}},"45":{"start":{"line":77,"column":21},"end":{"line":77,"column":49}},"46":{"start":{"line":78,"column":4},"end":{"line":78,"column":36}},"47":{"start":{"line":79,"column":17},"end":{"line":79,"column":39}},"48":{"start":{"line":80,"column":4},"end":{"line":80,"column":25}},"49":{"start":{"line":82,"column":4},"end":{"line":82,"column":20}},"50":{"start":{"line":86,"column":0},"end":{"line":91,"column":1}}},"fnMap":{"0":{"name":"index","decl":{"start":{"line":5,"column":15},"end":{"line":5,"column":20}},"loc":{"start":{"line":5,"column":31},"end":{"line":12,"column":1}},"line":5},"1":{"name":"create","decl":{"start":{"line":14,"column":15},"end":{"line":14,"column":21}},"loc":{"start":{"line":14,"column":32},"end":{"line":43,"column":1}},"line":14},"2":{"name":"(anonymous_2)","decl":{"start":{"line":17,"column":18},"end":{"line":17,"column":19}},"loc":{"start":{"line":17,"column":50},"end":{"line":42,"column":3}},"line":17},"3":{"name":"update","decl":{"start":{"line":45,"column":15},"end":{"line":45,"column":21}},"loc":{"start":{"line":45,"column":32},"end":{"line":72,"column":1}},"line":45},"4":{"name":"(anonymous_4)","decl":{"start":{"line":48,"column":18},"end":{"line":48,"column":19}},"loc":{"start":{"line":48,"column":50},"end":{"line":71,"column":3}},"line":48},"5":{"name":"remove","decl":{"start":{"line":74,"column":15},"end":{"line":74,"column":21}},"loc":{"start":{"line":74,"column":32},"end":{"line":84,"column":1}},"line":74}},"branchMap":{"0":{"loc":{"start":{"line":18,"column":4},"end":{"line":18,"column":38}},"type":"if","locations":[{"start":{"line":18,"column":4},"end":{"line":18,"column":38}},{"start":{"line":18,"column":4},"end":{"line":18,"column":38}}],"line":18},"1":{"loc":{"start":{"line":20,"column":6},"end":{"line":22,"column":7}},"type":"if","locations":[{"start":{"line":20,"column":6},"end":{"line":22,"column":7}},{"start":{"line":20,"column":6},"end":{"line":22,"column":7}}],"line":20},"2":{"loc":{"start":{"line":49,"column":4},"end":{"line":49,"column":38}},"type":"if","locations":[{"start":{"line":49,"column":4},"end":{"line":49,"column":38}},{"start":{"line":49,"column":4},"end":{"line":49,"column":38}}],"line":49},"3":{"loc":{"start":{"line":51,"column":6},"end":{"line":53,"column":7}},"type":"if","locations":[{"start":{"line":51,"column":6},"end":{"line":53,"column":7}},{"start":{"line":51,"column":6},"end":{"line":53,"column":7}}],"line":51}},"s":{"0":2,"1":2,"2":2,"3":0,"4":0,"5":0,"6":0,"7":0,"8":0,"9":0,"10":0,"11":0,"12":0,"13":0,"14":0,"15":0,"16":0,"17":0,"18":0,"19":0,"20":0,"21":0,"22":0,"23":0,"24":0,"25":0,"26":0,"27":0,"28":0,"29":0,"30":0,"31":0,"32":0,"33":0,"34":0,"35":0,"36":0,"37":0,"38":0,"39":0,"40":0,"41":0,"42":0,"43":0,"44":0,"45":0,"46":0,"47":0,"48":0,"49":0,"50":2},"f":{"0":0,"1":0,"2":0,"3":0,"4":0,"5":0},"b":{"0":[0,0],"1":[0,0],"2":[0,0],"3":[0,0]},"_coverageSchema":"43e27e138ebf9cfc5966b082cf9a028302ed4184","hash":"977663af5d264080be313e3d2d44fcd2c6914a6d"}
,"/Users/danielteale/Code Projects/assignments/assignment-draft-api/controllers/resource_controller.js": {"path":"/Users/danielteale/Code Projects/assignments/assignment-draft-api/controllers/resource_controller.js","statementMap":{"0":{"start":{"line":1,"column":22},"end":{"line":1,"column":66}},"1":{"start":{"line":4,"column":2},"end":{"line":9,"column":3}},"2":{"start":{"line":5,"column":22},"end":{"line":5,"column":48}},"3":{"start":{"line":6,"column":4},"end":{"line":6,"column":30}},"4":{"start":{"line":8,"column":4},"end":{"line":8,"column":34}},"5":{"start":{"line":13,"column":17},"end":{"line":13,"column":27}},"6":{"start":{"line":14,"column":2},"end":{"line":19,"column":3}},"7":{"start":{"line":15,"column":21},"end":{"line":15,"column":53}},"8":{"start":{"line":16,"column":4},"end":{"line":16,"column":41}},"9":{"start":{"line":18,"column":4},"end":{"line":18,"column":36}},"10":{"start":{"line":23,"column":39},"end":{"line":23,"column":47}},"11":{"start":{"line":24,"column":19},"end":{"line":24,"column":66}},"12":{"start":{"line":26,"column":2},"end":{"line":32,"column":3}},"13":{"start":{"line":27,"column":4},"end":{"line":27,"column":26}},"14":{"start":{"line":28,"column":22},"end":{"line":28,"column":48}},"15":{"start":{"line":29,"column":4},"end":{"line":29,"column":30}},"16":{"start":{"line":31,"column":4},"end":{"line":31,"column":20}},"17":{"start":{"line":36,"column":17},"end":{"line":36,"column":27}},"18":{"start":{"line":37,"column":39},"end":{"line":37,"column":47}},"19":{"start":{"line":38,"column":19},"end":{"line":38,"column":51}},"20":{"start":{"line":40,"column":2},"end":{"line":49,"column":3}},"21":{"start":{"line":41,"column":4},"end":{"line":41,"column":26}},"22":{"start":{"line":42,"column":4},"end":{"line":42,"column":38}},"23":{"start":{"line":43,"column":4},"end":{"line":43,"column":24}},"24":{"start":{"line":44,"column":4},"end":{"line":44,"column":25}},"25":{"start":{"line":46,"column":4},"end":{"line":46,"column":29}},"26":{"start":{"line":48,"column":4},"end":{"line":48,"column":20}},"27":{"start":{"line":53,"column":17},"end":{"line":53,"column":27}},"28":{"start":{"line":55,"column":2},"end":{"line":61,"column":3}},"29":{"start":{"line":56,"column":21},"end":{"line":56,"column":53}},"30":{"start":{"line":57,"column":4},"end":{"line":57,"column":40}},"31":{"start":{"line":58,"column":4},"end":{"line":58,"column":30}},"32":{"start":{"line":60,"column":4},"end":{"line":60,"column":20}},"33":{"start":{"line":64,"column":0},"end":{"line":70,"column":1}}},"fnMap":{"0":{"name":"index","decl":{"start":{"line":3,"column":15},"end":{"line":3,"column":20}},"loc":{"start":{"line":3,"column":37},"end":{"line":10,"column":1}},"line":3},"1":{"name":"show","decl":{"start":{"line":12,"column":15},"end":{"line":12,"column":19}},"loc":{"start":{"line":12,"column":36},"end":{"line":20,"column":1}},"line":12},"2":{"name":"create","decl":{"start":{"line":22,"column":15},"end":{"line":22,"column":21}},"loc":{"start":{"line":22,"column":38},"end":{"line":33,"column":1}},"line":22},"3":{"name":"update","decl":{"start":{"line":35,"column":15},"end":{"line":35,"column":21}},"loc":{"start":{"line":35,"column":38},"end":{"line":50,"column":1}},"line":35},"4":{"name":"remove","decl":{"start":{"line":52,"column":15},"end":{"line":52,"column":21}},"loc":{"start":{"line":52,"column":38},"end":{"line":62,"column":1}},"line":52}},"branchMap":{},"s":{"0":2,"1":0,"2":0,"3":0,"4":0,"5":0,"6":0,"7":0,"8":0,"9":0,"10":0,"11":0,"12":0,"13":0,"14":0,"15":0,"16":0,"17":0,"18":0,"19":0,"20":0,"21":0,"22":0,"23":0,"24":0,"25":0,"26":0,"27":0,"28":0,"29":0,"30":0,"31":0,"32":0,"33":2},"f":{"0":0,"1":0,"2":0,"3":0,"4":0},"b":{},"_coverageSchema":"43e27e138ebf9cfc5966b082cf9a028302ed4184","hash":"b2f2e67de6102ea6cad56d15d7d8912a668770fe"}
,"/Users/danielteale/Code Projects/assignments/assignment-draft-api/controllers/sponsor_controller.js": {"path":"/Users/danielteale/Code Projects/assignments/assignment-draft-api/controllers/sponsor_controller.js","statementMap":{"0":{"start":{"line":1,"column":19},"end":{"line":1,"column":40}},"1":{"start":{"line":2,"column":21},"end":{"line":2,"column":64}},"2":{"start":{"line":3,"column":19},"end":{"line":3,"column":53}},"3":{"start":{"line":6,"column":2},"end":{"line":11,"column":3}},"4":{"start":{"line":7,"column":21},"end":{"line":7,"column":46}},"5":{"start":{"line":8,"column":4},"end":{"line":8,"column":30}},"6":{"start":{"line":10,"column":4},"end":{"line":10,"column":20}},"7":{"start":{"line":15,"column":15},"end":{"line":15,"column":25}},"8":{"start":{"line":16,"column":2},"end":{"line":21,"column":3}},"9":{"start":{"line":17,"column":20},"end":{"line":17,"column":51}},"10":{"start":{"line":18,"column":4},"end":{"line":18,"column":28}},"11":{"start":{"line":20,"column":4},"end":{"line":20,"column":20}},"12":{"start":{"line":25,"column":13},"end":{"line":25,"column":34}},"13":{"start":{"line":26,"column":2},"end":{"line":45,"column":7}},"14":{"start":{"line":27,"column":4},"end":{"line":27,"column":38}},"15":{"start":{"line":27,"column":15},"end":{"line":27,"column":38}},"16":{"start":{"line":28,"column":4},"end":{"line":45,"column":5}},"17":{"start":{"line":29,"column":6},"end":{"line":31,"column":7}},"18":{"start":{"line":30,"column":19},"end":{"line":30,"column":53}},"19":{"start":{"line":32,"column":25},"end":{"line":32,"column":60}},"20":{"start":{"line":34,"column":22},"end":{"line":34,"column":50}},"21":{"start":{"line":36,"column":6},"end":{"line":42,"column":7}},"22":{"start":{"line":37,"column":8},"end":{"line":37,"column":28}},"23":{"start":{"line":38,"column":25},"end":{"line":38,"column":50}},"24":{"start":{"line":39,"column":8},"end":{"line":39,"column":33}},"25":{"start":{"line":41,"column":8},"end":{"line":41,"column":31}},"26":{"start":{"line":44,"column":6},"end":{"line":44,"column":22}},"27":{"start":{"line":49,"column":15},"end":{"line":49,"column":25}},"28":{"start":{"line":50,"column":13},"end":{"line":50,"column":34}},"29":{"start":{"line":51,"column":2},"end":{"line":65,"column":4}},"30":{"start":{"line":52,"column":4},"end":{"line":52,"column":38}},"31":{"start":{"line":52,"column":15},"end":{"line":52,"column":38}},"32":{"start":{"line":53,"column":4},"end":{"line":64,"column":5}},"33":{"start":{"line":54,"column":6},"end":{"line":56,"column":7}},"34":{"start":{"line":55,"column":19},"end":{"line":55,"column":53}},"35":{"start":{"line":57,"column":22},"end":{"line":57,"column":53}},"36":{"start":{"line":58,"column":29},"end":{"line":58,"column":80}},"37":{"start":{"line":59,"column":6},"end":{"line":59,"column":33}},"38":{"start":{"line":60,"column":23},"end":{"line":60,"column":48}},"39":{"start":{"line":61,"column":6},"end":{"line":61,"column":31}},"40":{"start":{"line":63,"column":6},"end":{"line":63,"column":22}},"41":{"start":{"line":69,"column":15},"end":{"line":69,"column":25}},"42":{"start":{"line":70,"column":2},"end":{"line":76,"column":3}},"43":{"start":{"line":71,"column":20},"end":{"line":71,"column":51}},"44":{"start":{"line":72,"column":4},"end":{"line":72,"column":38}},"45":{"start":{"line":73,"column":4},"end":{"line":73,"column":30}},"46":{"start":{"line":75,"column":4},"end":{"line":75,"column":20}},"47":{"start":{"line":79,"column":0},"end":{"line":85,"column":1}}},"fnMap":{"0":{"name":"index","decl":{"start":{"line":5,"column":15},"end":{"line":5,"column":20}},"loc":{"start":{"line":5,"column":37},"end":{"line":12,"column":1}},"line":5},"1":{"name":"show","decl":{"start":{"line":14,"column":15},"end":{"line":14,"column":19}},"loc":{"start":{"line":14,"column":36},"end":{"line":22,"column":1}},"line":14},"2":{"name":"create","decl":{"start":{"line":24,"column":15},"end":{"line":24,"column":21}},"loc":{"start":{"line":24,"column":32},"end":{"line":46,"column":1}},"line":24},"3":{"name":"(anonymous_3)","decl":{"start":{"line":26,"column":18},"end":{"line":26,"column":19}},"loc":{"start":{"line":26,"column":50},"end":{"line":45,"column":6}},"line":26},"4":{"name":"update","decl":{"start":{"line":48,"column":15},"end":{"line":48,"column":21}},"loc":{"start":{"line":48,"column":38},"end":{"line":66,"column":1}},"line":48},"5":{"name":"(anonymous_5)","decl":{"start":{"line":51,"column":18},"end":{"line":51,"column":19}},"loc":{"start":{"line":51,"column":50},"end":{"line":65,"column":3}},"line":51},"6":{"name":"remove","decl":{"start":{"line":68,"column":15},"end":{"line":68,"column":21}},"loc":{"start":{"line":68,"column":38},"end":{"line":77,"column":1}},"line":68}},"branchMap":{"0":{"loc":{"start":{"line":27,"column":4},"end":{"line":27,"column":38}},"type":"if","locations":[{"start":{"line":27,"column":4},"end":{"line":27,"column":38}},{"start":{"line":27,"column":4},"end":{"line":27,"column":38}}],"line":27},"1":{"loc":{"start":{"line":29,"column":6},"end":{"line":31,"column":7}},"type":"if","locations":[{"start":{"line":29,"column":6},"end":{"line":31,"column":7}},{"start":{"line":29,"column":6},"end":{"line":31,"column":7}}],"line":29},"2":{"loc":{"start":{"line":52,"column":4},"end":{"line":52,"column":38}},"type":"if","locations":[{"start":{"line":52,"column":4},"end":{"line":52,"column":38}},{"start":{"line":52,"column":4},"end":{"line":52,"column":38}}],"line":52},"3":{"loc":{"start":{"line":54,"column":6},"end":{"line":56,"column":7}},"type":"if","locations":[{"start":{"line":54,"column":6},"end":{"line":56,"column":7}},{"start":{"line":54,"column":6},"end":{"line":56,"column":7}}],"line":54}},"s":{"0":2,"1":2,"2":2,"3":0,"4":0,"5":0,"6":0,"7":0,"8":0,"9":0,"10":0,"11":0,"12":0,"13":0,"14":0,"15":0,"16":0,"17":0,"18":0,"19":0,"20":0,"21":0,"22":0,"23":0,"24":0,"25":0,"26":0,"27":0,"28":0,"29":0,"30":0,"31":0,"32":0,"33":0,"34":0,"35":0,"36":0,"37":0,"38":0,"39":0,"40":0,"41":0,"42":0,"43":0,"44":0,"45":0,"46":0,"47":2},"f":{"0":0,"1":0,"2":0,"3":0,"4":0,"5":0,"6":0},"b":{"0":[0,0],"1":[0,0],"2":[0,0],"3":[0,0]},"_coverageSchema":"43e27e138ebf9cfc5966b082cf9a028302ed4184","hash":"1093814d070c5d6b578020d54b9a775caafd55a4"}
,"/Users/danielteale/Code Projects/assignments/assignment-draft-api/controllers/user_controller.js": {"path":"/Users/danielteale/Code Projects/assignments/assignment-draft-api/controllers/user_controller.js","statementMap":{"0":{"start":{"line":1,"column":19},"end":{"line":1,"column":40}},"1":{"start":{"line":2,"column":18},"end":{"line":2,"column":58}},"2":{"start":{"line":3,"column":17},"end":{"line":3,"column":36}},"3":{"start":{"line":4,"column":19},"end":{"line":4,"column":53}},"4":{"start":{"line":5,"column":19},"end":{"line":5,"column":53}},"5":{"start":{"line":8,"column":13},"end":{"line":8,"column":34}},"6":{"start":{"line":9,"column":2},"end":{"line":35,"column":4}},"7":{"start":{"line":10,"column":4},"end":{"line":10,"column":38}},"8":{"start":{"line":10,"column":15},"end":{"line":10,"column":38}},"9":{"start":{"line":12,"column":4},"end":{"line":34,"column":5}},"10":{"start":{"line":13,"column":6},"end":{"line":15,"column":7}},"11":{"start":{"line":14,"column":19},"end":{"line":14,"column":53}},"12":{"start":{"line":16,"column":25},"end":{"line":16,"column":67}},"13":{"start":{"line":18,"column":23},"end":{"line":18,"column":41}},"14":{"start":{"line":19,"column":19},"end":{"line":19,"column":44}},"15":{"start":{"line":21,"column":6},"end":{"line":31,"column":8}},"16":{"start":{"line":22,"column":8},"end":{"line":24,"column":9}},"17":{"start":{"line":23,"column":10},"end":{"line":23,"column":33}},"18":{"start":{"line":25,"column":22},"end":{"line":25,"column":52}},"19":{"start":{"line":26,"column":27},"end":{"line":26,"column":59}},"20":{"start":{"line":27,"column":8},"end":{"line":27,"column":33}},"21":{"start":{"line":28,"column":8},"end":{"line":28,"column":33}},"22":{"start":{"line":29,"column":21},"end":{"line":29,"column":48}},"23":{"start":{"line":30,"column":8},"end":{"line":30,"column":29}},"24":{"start":{"line":33,"column":6},"end":{"line":33,"column":29}},"25":{"start":{"line":39,"column":30},"end":{"line":39,"column":38}},"26":{"start":{"line":40,"column":15},"end":{"line":40,"column":49}},"27":{"start":{"line":41,"column":2},"end":{"line":43,"column":3}},"28":{"start":{"line":42,"column":4},"end":{"line":42,"column":69}},"29":{"start":{"line":44,"column":16},"end":{"line":44,"column":43}},"30":{"start":{"line":45,"column":2},"end":{"line":47,"column":3}},"31":{"start":{"line":46,"column":4},"end":{"line":46,"column":69}},"32":{"start":{"line":48,"column":16},"end":{"line":48,"column":46}},"33":{"start":{"line":49,"column":21},"end":{"line":49,"column":53}},"34":{"start":{"line":50,"column":2},"end":{"line":50,"column":27}},"35":{"start":{"line":51,"column":2},"end":{"line":51,"column":27}},"36":{"start":{"line":52,"column":15},"end":{"line":52,"column":42}},"37":{"start":{"line":53,"column":2},"end":{"line":53,"column":23}},"38":{"start":{"line":57,"column":13},"end":{"line":57,"column":34}},"39":{"start":{"line":58,"column":2},"end":{"line":83,"column":5}},"40":{"start":{"line":59,"column":4},"end":{"line":59,"column":38}},"41":{"start":{"line":59,"column":15},"end":{"line":59,"column":38}},"42":{"start":{"line":61,"column":4},"end":{"line":82,"column":5}},"43":{"start":{"line":62,"column":6},"end":{"line":64,"column":7}},"44":{"start":{"line":63,"column":19},"end":{"line":63,"column":53}},"45":{"start":{"line":66,"column":19},"end":{"line":66,"column":68}},"46":{"start":{"line":67,"column":26},"end":{"line":67,"column":74}},"47":{"start":{"line":69,"column":6},"end":{"line":78,"column":7}},"48":{"start":{"line":70,"column":8},"end":{"line":70,"column":32}},"49":{"start":{"line":71,"column":8},"end":{"line":71,"column":31}},"50":{"start":{"line":72,"column":8},"end":{"line":72,"column":31}},"51":{"start":{"line":73,"column":22},"end":{"line":73,"column":59}},"52":{"start":{"line":74,"column":21},"end":{"line":74,"column":47}},"53":{"start":{"line":75,"column":8},"end":{"line":75,"column":30}},"54":{"start":{"line":77,"column":8},"end":{"line":77,"column":24}},"55":{"start":{"line":81,"column":6},"end":{"line":81,"column":29}},"56":{"start":{"line":87,"column":2},"end":{"line":95,"column":3}},"57":{"start":{"line":88,"column":17},"end":{"line":88,"column":25}},"58":{"start":{"line":90,"column":18},"end":{"line":90,"column":48}},"59":{"start":{"line":91,"column":17},"end":{"line":91,"column":32}},"60":{"start":{"line":92,"column":4},"end":{"line":92,"column":25}},"61":{"start":{"line":94,"column":4},"end":{"line":94,"column":24}},"62":{"start":{"line":99,"column":2},"end":{"line":114,"column":3}},"63":{"start":{"line":101,"column":4},"end":{"line":106,"column":5}},"64":{"start":{"line":102,"column":6},"end":{"line":102,"column":36}},"65":{"start":{"line":104,"column":22},"end":{"line":104,"column":61}},"66":{"start":{"line":105,"column":6},"end":{"line":105,"column":48}},"67":{"start":{"line":107,"column":4},"end":{"line":110,"column":6}},"68":{"start":{"line":108,"column":6},"end":{"line":108,"column":23}},"69":{"start":{"line":109,"column":6},"end":{"line":109,"column":23}},"70":{"start":{"line":111,"column":4},"end":{"line":111,"column":26}},"71":{"start":{"line":113,"column":4},"end":{"line":113,"column":27}},"72":{"start":{"line":117,"column":0},"end":{"line":123,"column":1}}},"fnMap":{"0":{"name":"register","decl":{"start":{"line":7,"column":15},"end":{"line":7,"column":23}},"loc":{"start":{"line":7,"column":34},"end":{"line":36,"column":1}},"line":7},"1":{"name":"(anonymous_1)","decl":{"start":{"line":9,"column":18},"end":{"line":9,"column":19}},"loc":{"start":{"line":9,"column":50},"end":{"line":35,"column":3}},"line":9},"2":{"name":"(anonymous_2)","decl":{"start":{"line":21,"column":41},"end":{"line":21,"column":42}},"loc":{"start":{"line":21,"column":56},"end":{"line":31,"column":7}},"line":21},"3":{"name":"loginVerify","decl":{"start":{"line":38,"column":15},"end":{"line":38,"column":26}},"loc":{"start":{"line":38,"column":43},"end":{"line":54,"column":1}},"line":38},"4":{"name":"update","decl":{"start":{"line":56,"column":15},"end":{"line":56,"column":21}},"loc":{"start":{"line":56,"column":32},"end":{"line":84,"column":1}},"line":56},"5":{"name":"(anonymous_5)","decl":{"start":{"line":58,"column":18},"end":{"line":58,"column":19}},"loc":{"start":{"line":58,"column":50},"end":{"line":83,"column":3}},"line":58},"6":{"name":"refresh","decl":{"start":{"line":86,"column":15},"end":{"line":86,"column":22}},"loc":{"start":{"line":86,"column":33},"end":{"line":96,"column":1}},"line":86},"7":{"name":"index","decl":{"start":{"line":98,"column":15},"end":{"line":98,"column":20}},"loc":{"start":{"line":98,"column":31},"end":{"line":115,"column":1}},"line":98},"8":{"name":"(anonymous_8)","decl":{"start":{"line":107,"column":18},"end":{"line":107,"column":19}},"loc":{"start":{"line":107,"column":28},"end":{"line":110,"column":5}},"line":107}},"branchMap":{"0":{"loc":{"start":{"line":10,"column":4},"end":{"line":10,"column":38}},"type":"if","locations":[{"start":{"line":10,"column":4},"end":{"line":10,"column":38}},{"start":{"line":10,"column":4},"end":{"line":10,"column":38}}],"line":10},"1":{"loc":{"start":{"line":13,"column":6},"end":{"line":15,"column":7}},"type":"if","locations":[{"start":{"line":13,"column":6},"end":{"line":15,"column":7}},{"start":{"line":13,"column":6},"end":{"line":15,"column":7}}],"line":13},"2":{"loc":{"start":{"line":22,"column":8},"end":{"line":24,"column":9}},"type":"if","locations":[{"start":{"line":22,"column":8},"end":{"line":24,"column":9}},{"start":{"line":22,"column":8},"end":{"line":24,"column":9}}],"line":22},"3":{"loc":{"start":{"line":41,"column":2},"end":{"line":43,"column":3}},"type":"if","locations":[{"start":{"line":41,"column":2},"end":{"line":43,"column":3}},{"start":{"line":41,"column":2},"end":{"line":43,"column":3}}],"line":41},"4":{"loc":{"start":{"line":45,"column":2},"end":{"line":47,"column":3}},"type":"if","locations":[{"start":{"line":45,"column":2},"end":{"line":47,"column":3}},{"start":{"line":45,"column":2},"end":{"line":47,"column":3}}],"line":45},"5":{"loc":{"start":{"line":59,"column":4},"end":{"line":59,"column":38}},"type":"if","locations":[{"start":{"line":59,"column":4},"end":{"line":59,"column":38}},{"start":{"line":59,"column":4},"end":{"line":59,"column":38}}],"line":59},"6":{"loc":{"start":{"line":62,"column":6},"end":{"line":64,"column":7}},"type":"if","locations":[{"start":{"line":62,"column":6},"end":{"line":64,"column":7}},{"start":{"line":62,"column":6},"end":{"line":64,"column":7}}],"line":62},"7":{"loc":{"start":{"line":101,"column":4},"end":{"line":106,"column":5}},"type":"if","locations":[{"start":{"line":101,"column":4},"end":{"line":106,"column":5}},{"start":{"line":101,"column":4},"end":{"line":106,"column":5}}],"line":101}},"s":{"0":2,"1":2,"2":2,"3":2,"4":2,"5":0,"6":0,"7":0,"8":0,"9":0,"10":0,"11":0,"12":0,"13":0,"14":0,"15":0,"16":0,"17":0,"18":0,"19":0,"20":0,"21":0,"22":0,"23":0,"24":0,"25":3,"26":3,"27":3,"28":1,"29":2,"30":2,"31":0,"32":2,"33":2,"34":2,"35":2,"36":2,"37":2,"38":1,"39":1,"40":1,"41":0,"42":1,"43":1,"44":0,"45":1,"46":1,"47":1,"48":1,"49":1,"50":1,"51":1,"52":1,"53":1,"54":0,"55":0,"56":0,"57":0,"58":0,"59":0,"60":0,"61":0,"62":0,"63":0,"64":0,"65":0,"66":0,"67":0,"68":0,"69":0,"70":0,"71":0,"72":2},"f":{"0":0,"1":0,"2":0,"3":3,"4":1,"5":1,"6":0,"7":0,"8":0},"b":{"0":[0,0],"1":[0,0],"2":[0,0],"3":[1,2],"4":[0,2],"5":[0,1],"6":[0,1],"7":[0,0]},"_coverageSchema":"43e27e138ebf9cfc5966b082cf9a028302ed4184","hash":"dd2d37c3cfd4d53c7905d959f06d0bac2eb3aad2"}
,"/Users/danielteale/Code Projects/assignments/assignment-draft-api/database/connect.js": {"path":"/Users/danielteale/Code Projects/assignments/assignment-draft-api/database/connect.js","statementMap":{"0":{"start":{"line":1,"column":0},"end":{"line":1,"column":27}},"1":{"start":{"line":2,"column":17},"end":{"line":2,"column":36}},"2":{"start":{"line":3,"column":0},"end":{"line":3,"column":32}},"3":{"start":{"line":5,"column":0},"end":{"line":5,"column":65}},"4":{"start":{"line":6,"column":0},"end":{"line":6,"column":34}},"5":{"start":{"line":7,"column":0},"end":{"line":7,"column":45}},"6":{"start":{"line":9,"column":0},"end":{"line":9,"column":26}}},"fnMap":{},"branchMap":{},"s":{"0":2,"1":2,"2":2,"3":2,"4":2,"5":2,"6":2},"f":{},"b":{},"_coverageSchema":"43e27e138ebf9cfc5966b082cf9a028302ed4184","hash":"d3590551229a4a7c868c4b6790f6e8fef6a370a9"}
,"/Users/danielteale/Code Projects/assignments/assignment-draft-api/database/models/chapter_model.js": {"path":"/Users/danielteale/Code Projects/assignments/assignment-draft-api/database/models/chapter_model.js","statementMap":{"0":{"start":{"line":1,"column":17},"end":{"line":1,"column":36}},"1":{"start":{"line":2,"column":22},"end":{"line":2,"column":57}},"2":{"start":{"line":4,"column":21},"end":{"line":4,"column":61}},"3":{"start":{"line":6,"column":0},"end":{"line":6,"column":30}}},"fnMap":{},"branchMap":{},"s":{"0":2,"1":2,"2":2,"3":2},"f":{},"b":{},"_coverageSchema":"43e27e138ebf9cfc5966b082cf9a028302ed4184","hash":"e316d31d2c95d9bfb759c47b1c30d56f029448ef"}
,"/Users/danielteale/Code Projects/assignments/assignment-draft-api/database/models/event_model.js": {"path":"/Users/danielteale/Code Projects/assignments/assignment-draft-api/database/models/event_model.js","statementMap":{"0":{"start":{"line":1,"column":17},"end":{"line":1,"column":36}},"1":{"start":{"line":2,"column":20},"end":{"line":2,"column":53}},"2":{"start":{"line":4,"column":19},"end":{"line":4,"column":55}},"3":{"start":{"line":6,"column":0},"end":{"line":6,"column":28}}},"fnMap":{},"branchMap":{},"s":{"0":2,"1":2,"2":2,"3":2},"f":{},"b":{},"_coverageSchema":"43e27e138ebf9cfc5966b082cf9a028302ed4184","hash":"1502e0abdf44037b0505802469a58fbebc1c79e8"}
,"/Users/danielteale/Code Projects/assignments/assignment-draft-api/database/models/mailing_list_model.js": {"path":"/Users/danielteale/Code Projects/assignments/assignment-draft-api/database/models/mailing_list_model.js","statementMap":{"0":{"start":{"line":1,"column":17},"end":{"line":1,"column":36}},"1":{"start":{"line":2,"column":26},"end":{"line":2,"column":66}},"2":{"start":{"line":4,"column":25},"end":{"line":4,"column":74}},"3":{"start":{"line":6,"column":0},"end":{"line":6,"column":34}}},"fnMap":{},"branchMap":{},"s":{"0":2,"1":2,"2":2,"3":2},"f":{},"b":{},"_coverageSchema":"43e27e138ebf9cfc5966b082cf9a028302ed4184","hash":"ef6df306f474e5ff86d1398a389b9d79b645c4e0"}
,"/Users/danielteale/Code Projects/assignments/assignment-draft-api/database/models/news_model.js": {"path":"/Users/danielteale/Code Projects/assignments/assignment-draft-api/database/models/news_model.js","statementMap":{"0":{"start":{"line":1,"column":17},"end":{"line":1,"column":36}},"1":{"start":{"line":2,"column":19},"end":{"line":2,"column":51}},"2":{"start":{"line":4,"column":18},"end":{"line":4,"column":52}},"3":{"start":{"line":6,"column":0},"end":{"line":6,"column":27}}},"fnMap":{},"branchMap":{},"s":{"0":2,"1":2,"2":2,"3":2},"f":{},"b":{},"_coverageSchema":"43e27e138ebf9cfc5966b082cf9a028302ed4184","hash":"97c637d0b1a2042e92192ce11b0c650adadd41e0"}
,"/Users/danielteale/Code Projects/assignments/assignment-draft-api/database/models/resource_model.js": {"path":"/Users/danielteale/Code Projects/assignments/assignment-draft-api/database/models/resource_model.js","statementMap":{"0":{"start":{"line":1,"column":17},"end":{"line":1,"column":36}},"1":{"start":{"line":2,"column":23},"end":{"line":2,"column":61}},"2":{"start":{"line":4,"column":22},"end":{"line":4,"column":64}},"3":{"start":{"line":6,"column":0},"end":{"line":6,"column":31}}},"fnMap":{},"branchMap":{},"s":{"0":2,"1":2,"2":2,"3":2},"f":{},"b":{},"_coverageSchema":"43e27e138ebf9cfc5966b082cf9a028302ed4184","hash":"5f4c5c1058d85232131ef2bfb6555a0d11e3a4ae"}
,"/Users/danielteale/Code Projects/assignments/assignment-draft-api/database/models/sponsor_model.js": {"path":"/Users/danielteale/Code Projects/assignments/assignment-draft-api/database/models/sponsor_model.js","statementMap":{"0":{"start":{"line":1,"column":17},"end":{"line":1,"column":36}},"1":{"start":{"line":2,"column":22},"end":{"line":2,"column":57}},"2":{"start":{"line":4,"column":21},"end":{"line":4,"column":61}},"3":{"start":{"line":6,"column":0},"end":{"line":6,"column":30}}},"fnMap":{},"branchMap":{},"s":{"0":2,"1":2,"2":2,"3":2},"f":{},"b":{},"_coverageSchema":"43e27e138ebf9cfc5966b082cf9a028302ed4184","hash":"070a3ca134f4e795e2c74d86aeed40e0ed90cde5"}
,"/Users/danielteale/Code Projects/assignments/assignment-draft-api/database/models/user_model.js": {"path":"/Users/danielteale/Code Projects/assignments/assignment-draft-api/database/models/user_model.js","statementMap":{"0":{"start":{"line":1,"column":17},"end":{"line":1,"column":36}},"1":{"start":{"line":2,"column":19},"end":{"line":2,"column":51}},"2":{"start":{"line":4,"column":18},"end":{"line":4,"column":52}},"3":{"start":{"line":6,"column":0},"end":{"line":6,"column":27}}},"fnMap":{},"branchMap":{},"s":{"0":2,"1":2,"2":2,"3":2},"f":{},"b":{},"_coverageSchema":"43e27e138ebf9cfc5966b082cf9a028302ed4184","hash":"e844f0a330a27cbd4c911cd5fa9fdda6eba30744"}
,"/Users/danielteale/Code Projects/assignments/assignment-draft-api/database/schema/chapter_schema.js": {"path":"/Users/danielteale/Code Projects/assignments/assignment-draft-api/database/schema/chapter_schema.js","statementMap":{"0":{"start":{"line":1,"column":17},"end":{"line":1,"column":36}},"1":{"start":{"line":2,"column":15},"end":{"line":2,"column":30}},"2":{"start":{"line":3,"column":19},"end":{"line":3,"column":43}},"3":{"start":{"line":5,"column":22},"end":{"line":14,"column":2}},"4":{"start":{"line":16,"column":0},"end":{"line":16,"column":30}}},"fnMap":{},"branchMap":{},"s":{"0":2,"1":2,"2":2,"3":2,"4":2},"f":{},"b":{},"_coverageSchema":"43e27e138ebf9cfc5966b082cf9a028302ed4184","hash":"aaed17a2a9d178a0312bbfc2e1b2b6a2e176d91f"}
,"/Users/danielteale/Code Projects/assignments/assignment-draft-api/database/schema/event_schema.js": {"path":"/Users/danielteale/Code Projects/assignments/assignment-draft-api/database/schema/event_schema.js","statementMap":{"0":{"start":{"line":1,"column":17},"end":{"line":1,"column":36}},"1":{"start":{"line":3,"column":20},"end":{"line":47,"column":2}},"2":{"start":{"line":49,"column":0},"end":{"line":49,"column":28}}},"fnMap":{},"branchMap":{},"s":{"0":2,"1":2,"2":2},"f":{},"b":{},"_coverageSchema":"43e27e138ebf9cfc5966b082cf9a028302ed4184","hash":"9e087b6a2b212e279e8d73b2981c0c992042d6d1"}
,"/Users/danielteale/Code Projects/assignments/assignment-draft-api/database/schema/mailing_list_schema.js": {"path":"/Users/danielteale/Code Projects/assignments/assignment-draft-api/database/schema/mailing_list_schema.js","statementMap":{"0":{"start":{"line":1,"column":19},"end":{"line":1,"column":38}},"1":{"start":{"line":2,"column":22},"end":{"line":2,"column":49}},"2":{"start":{"line":4,"column":26},"end":{"line":14,"column":2}},"3":{"start":{"line":16,"column":0},"end":{"line":16,"column":35}}},"fnMap":{},"branchMap":{},"s":{"0":2,"1":2,"2":2,"3":2},"f":{},"b":{},"_coverageSchema":"43e27e138ebf9cfc5966b082cf9a028302ed4184","hash":"6665921af88df3cb5a3001168e54ff911f65192b"}
,"/Users/danielteale/Code Projects/assignments/assignment-draft-api/database/schema/news_schema.js": {"path":"/Users/danielteale/Code Projects/assignments/assignment-draft-api/database/schema/news_schema.js","statementMap":{"0":{"start":{"line":1,"column":17},"end":{"line":1,"column":36}},"1":{"start":{"line":2,"column":19},"end":{"line":2,"column":43}},"2":{"start":{"line":4,"column":19},"end":{"line":25,"column":2}},"3":{"start":{"line":27,"column":0},"end":{"line":27,"column":28}}},"fnMap":{},"branchMap":{},"s":{"0":2,"1":2,"2":2,"3":2},"f":{},"b":{},"_coverageSchema":"43e27e138ebf9cfc5966b082cf9a028302ed4184","hash":"1f41eb69b0c31b7d3f87d5bcfd5eb31448850cbb"}
,"/Users/danielteale/Code Projects/assignments/assignment-draft-api/database/schema/resource_schema.js": {"path":"/Users/danielteale/Code Projects/assignments/assignment-draft-api/database/schema/resource_schema.js","statementMap":{"0":{"start":{"line":1,"column":19},"end":{"line":1,"column":38}},"1":{"start":{"line":3,"column":23},"end":{"line":16,"column":2}},"2":{"start":{"line":18,"column":0},"end":{"line":18,"column":32}}},"fnMap":{},"branchMap":{},"s":{"0":2,"1":2,"2":2},"f":{},"b":{},"_coverageSchema":"43e27e138ebf9cfc5966b082cf9a028302ed4184","hash":"f769207f75e67e3cf1de832ea58e2789196be80f"}
,"/Users/danielteale/Code Projects/assignments/assignment-draft-api/database/schema/sponsor_schema.js": {"path":"/Users/danielteale/Code Projects/assignments/assignment-draft-api/database/schema/sponsor_schema.js","statementMap":{"0":{"start":{"line":1,"column":17},"end":{"line":1,"column":36}},"1":{"start":{"line":3,"column":22},"end":{"line":19,"column":2}},"2":{"start":{"line":21,"column":0},"end":{"line":21,"column":31}}},"fnMap":{},"branchMap":{},"s":{"0":2,"1":2,"2":2},"f":{},"b":{},"_coverageSchema":"43e27e138ebf9cfc5966b082cf9a028302ed4184","hash":"105767dcf3eda612db7750b86cdfd16c0f09e28f"}
,"/Users/danielteale/Code Projects/assignments/assignment-draft-api/database/schema/user_schema.js": {"path":"/Users/danielteale/Code Projects/assignments/assignment-draft-api/database/schema/user_schema.js","statementMap":{"0":{"start":{"line":1,"column":17},"end":{"line":1,"column":36}},"1":{"start":{"line":2,"column":22},"end":{"line":2,"column":49}},"2":{"start":{"line":3,"column":30},"end":{"line":3,"column":64}},"3":{"start":{"line":5,"column":19},"end":{"line":26,"column":2}},"4":{"start":{"line":28,"column":0},"end":{"line":28,"column":66}},"5":{"start":{"line":30,"column":0},"end":{"line":30,"column":28}}},"fnMap":{},"branchMap":{},"s":{"0":2,"1":2,"2":2,"3":2,"4":2,"5":2},"f":{},"b":{},"_coverageSchema":"43e27e138ebf9cfc5966b082cf9a028302ed4184","hash":"4851d9e11cdbe338245e3ed1add9c92d44d41293"}
,"/Users/danielteale/Code Projects/assignments/assignment-draft-api/routes/auth_routes.js": {"path":"/Users/danielteale/Code Projects/assignments/assignment-draft-api/routes/auth_routes.js","statementMap":{"0":{"start":{"line":1,"column":16},"end":{"line":1,"column":34}},"1":{"start":{"line":2,"column":15},"end":{"line":2,"column":31}},"2":{"start":{"line":3,"column":17},"end":{"line":3,"column":36}},"3":{"start":{"line":4,"column":30},"end":{"line":4,"column":50}},"4":{"start":{"line":5,"column":29},"end":{"line":5,"column":69}},"5":{"start":{"line":6,"column":23},"end":{"line":6,"column":64}},"6":{"start":{"line":9,"column":0},"end":{"line":9,"column":92}},"7":{"start":{"line":10,"column":0},"end":{"line":10,"column":50}},"8":{"start":{"line":11,"column":0},"end":{"line":11,"column":79}},"9":{"start":{"line":12,"column":0},"end":{"line":12,"column":96}},"10":{"start":{"line":13,"column":0},"end":{"line":13,"column":98}},"11":{"start":{"line":14,"column":0},"end":{"line":14,"column":20}},"12":{"start":{"line":16,"column":0},"end":{"line":16,"column":24}}},"fnMap":{},"branchMap":{},"s":{"0":2,"1":2,"2":2,"3":2,"4":2,"5":2,"6":2,"7":2,"8":2,"9":2,"10":2,"11":2,"12":2},"f":{},"b":{},"_coverageSchema":"43e27e138ebf9cfc5966b082cf9a028302ed4184","hash":"76f2596032d911cb9883752879088f95b0ef58d5"}
,"/Users/danielteale/Code Projects/assignments/assignment-draft-api/routes/chapter_routes.js": {"path":"/Users/danielteale/Code Projects/assignments/assignment-draft-api/routes/chapter_routes.js","statementMap":{"0":{"start":{"line":1,"column":16},"end":{"line":1,"column":34}},"1":{"start":{"line":2,"column":15},"end":{"line":2,"column":31}},"2":{"start":{"line":3,"column":22},"end":{"line":3,"column":42}},"3":{"start":{"line":4,"column":26},"end":{"line":4,"column":70}},"4":{"start":{"line":5,"column":32},"end":{"line":5,"column":72}},"5":{"start":{"line":6,"column":17},"end":{"line":6,"column":36}},"6":{"start":{"line":8,"column":0},"end":{"line":8,"column":41}},"7":{"start":{"line":10,"column":0},"end":{"line":10,"column":43}},"8":{"start":{"line":12,"column":0},"end":{"line":12,"column":125}},"9":{"start":{"line":14,"column":0},"end":{"line":14,"column":95}},"10":{"start":{"line":15,"column":0},"end":{"line":15,"column":79}},"11":{"start":{"line":17,"column":0},"end":{"line":17,"column":98}},"12":{"start":{"line":19,"column":0},"end":{"line":19,"column":24}}},"fnMap":{},"branchMap":{},"s":{"0":2,"1":2,"2":2,"3":2,"4":2,"5":2,"6":2,"7":2,"8":2,"9":2,"10":2,"11":2,"12":2},"f":{},"b":{},"_coverageSchema":"43e27e138ebf9cfc5966b082cf9a028302ed4184","hash":"81c51ade25e3f90ce05de940b7f3ff10443d0f9e"}
,"/Users/danielteale/Code Projects/assignments/assignment-draft-api/routes/event_routes.js": {"path":"/Users/danielteale/Code Projects/assignments/assignment-draft-api/routes/event_routes.js","statementMap":{"0":{"start":{"line":1,"column":16},"end":{"line":1,"column":34}},"1":{"start":{"line":2,"column":15},"end":{"line":2,"column":31}},"2":{"start":{"line":3,"column":28},"end":{"line":3,"column":68}},"3":{"start":{"line":4,"column":22},"end":{"line":4,"column":42}},"4":{"start":{"line":5,"column":17},"end":{"line":5,"column":36}},"5":{"start":{"line":7,"column":24},"end":{"line":7,"column":66}},"6":{"start":{"line":9,"column":0},"end":{"line":9,"column":39}},"7":{"start":{"line":10,"column":0},"end":{"line":10,"column":40}},"8":{"start":{"line":11,"column":0},"end":{"line":11,"column":61}},"9":{"start":{"line":12,"column":0},"end":{"line":12,"column":91}},"10":{"start":{"line":13,"column":0},"end":{"line":13,"column":94}},"11":{"start":{"line":14,"column":0},"end":{"line":14,"column":95}},"12":{"start":{"line":15,"column":0},"end":{"line":15,"column":96}},"13":{"start":{"line":17,"column":0},"end":{"line":17,"column":24}}},"fnMap":{},"branchMap":{},"s":{"0":2,"1":2,"2":2,"3":2,"4":2,"5":2,"6":2,"7":2,"8":2,"9":2,"10":2,"11":2,"12":2,"13":2},"f":{},"b":{},"_coverageSchema":"43e27e138ebf9cfc5966b082cf9a028302ed4184","hash":"bb9442a3fc2d5cab9a44b304ae45ca30414f1123"}
,"/Users/danielteale/Code Projects/assignments/assignment-draft-api/routes/index.js": {"path":"/Users/danielteale/Code Projects/assignments/assignment-draft-api/routes/index.js","statementMap":{"0":{"start":{"line":1,"column":16},"end":{"line":1,"column":34}},"1":{"start":{"line":2,"column":15},"end":{"line":2,"column":31}},"2":{"start":{"line":3,"column":19},"end":{"line":3,"column":43}},"3":{"start":{"line":4,"column":20},"end":{"line":4,"column":45}},"4":{"start":{"line":5,"column":26},"end":{"line":5,"column":58}},"5":{"start":{"line":6,"column":22},"end":{"line":6,"column":49}},"6":{"start":{"line":7,"column":22},"end":{"line":7,"column":49}},"7":{"start":{"line":8,"column":19},"end":{"line":8,"column":43}},"8":{"start":{"line":9,"column":17},"end":{"line":9,"column":36}},"9":{"start":{"line":10,"column":18},"end":{"line":10,"column":52}},"10":{"start":{"line":11,"column":23},"end":{"line":11,"column":51}},"11":{"start":{"line":13,"column":0},"end":{"line":13,"column":51}},"12":{"start":{"line":13,"column":30},"end":{"line":13,"column":49}},"13":{"start":{"line":15,"column":0},"end":{"line":15,"column":32}},"14":{"start":{"line":16,"column":0},"end":{"line":16,"column":46}},"15":{"start":{"line":17,"column":0},"end":{"line":17,"column":35}},"16":{"start":{"line":18,"column":0},"end":{"line":18,"column":38}},"17":{"start":{"line":19,"column":0},"end":{"line":19,"column":38}},"18":{"start":{"line":20,"column":0},"end":{"line":20,"column":41}},"19":{"start":{"line":21,"column":0},"end":{"line":21,"column":31}},"20":{"start":{"line":23,"column":0},"end":{"line":23,"column":24}}},"fnMap":{"0":{"name":"(anonymous_0)","decl":{"start":{"line":13,"column":16},"end":{"line":13,"column":17}},"loc":{"start":{"line":13,"column":30},"end":{"line":13,"column":49}},"line":13}},"branchMap":{},"s":{"0":2,"1":2,"2":2,"3":2,"4":2,"5":2,"6":2,"7":2,"8":2,"9":2,"10":2,"11":2,"12":0,"13":2,"14":2,"15":2,"16":2,"17":2,"18":2,"19":2,"20":2},"f":{"0":0},"b":{},"_coverageSchema":"43e27e138ebf9cfc5966b082cf9a028302ed4184","hash":"29576032bedf2dd6b53251f1ff27a4ac162a5924"}
,"/Users/danielteale/Code Projects/assignments/assignment-draft-api/routes/mailing_list_routes.js": {"path":"/Users/danielteale/Code Projects/assignments/assignment-draft-api/routes/mailing_list_routes.js","statementMap":{"0":{"start":{"line":1,"column":16},"end":{"line":1,"column":34}},"1":{"start":{"line":2,"column":15},"end":{"line":2,"column":31}},"2":{"start":{"line":3,"column":30},"end":{"line":3,"column":79}},"3":{"start":{"line":4,"column":20},"end":{"line":4,"column":40}},"4":{"start":{"line":5,"column":34},"end":{"line":5,"column":74}},"5":{"start":{"line":7,"column":0},"end":{"line":7,"column":45}},"6":{"start":{"line":9,"column":0},"end":{"line":9,"column":47}},"7":{"start":{"line":11,"column":0},"end":{"line":11,"column":67}},"8":{"start":{"line":13,"column":0},"end":{"line":13,"column":83}},"9":{"start":{"line":15,"column":0},"end":{"line":15,"column":85}},"10":{"start":{"line":16,"column":0},"end":{"line":16,"column":87}},"11":{"start":{"line":18,"column":0},"end":{"line":18,"column":52}},"12":{"start":{"line":20,"column":0},"end":{"line":20,"column":24}}},"fnMap":{},"branchMap":{},"s":{"0":2,"1":2,"2":2,"3":2,"4":2,"5":2,"6":2,"7":2,"8":2,"9":2,"10":2,"11":2,"12":2},"f":{},"b":{},"_coverageSchema":"43e27e138ebf9cfc5966b082cf9a028302ed4184","hash":"75b142233ac0ce542c7a760297bce3e9f3bbf1fc"}
,"/Users/danielteale/Code Projects/assignments/assignment-draft-api/routes/news_routes.js": {"path":"/Users/danielteale/Code Projects/assignments/assignment-draft-api/routes/news_routes.js","statementMap":{"0":{"start":{"line":1,"column":16},"end":{"line":1,"column":34}},"1":{"start":{"line":2,"column":15},"end":{"line":2,"column":31}},"2":{"start":{"line":3,"column":22},"end":{"line":3,"column":42}},"3":{"start":{"line":4,"column":23},"end":{"line":4,"column":64}},"4":{"start":{"line":5,"column":17},"end":{"line":5,"column":36}},"5":{"start":{"line":7,"column":0},"end":{"line":7,"column":38}},"6":{"start":{"line":9,"column":0},"end":{"line":9,"column":90}},"7":{"start":{"line":11,"column":0},"end":{"line":11,"column":91}},"8":{"start":{"line":12,"column":0},"end":{"line":12,"column":93}},"9":{"start":{"line":14,"column":0},"end":{"line":14,"column":94}},"10":{"start":{"line":16,"column":0},"end":{"line":16,"column":24}}},"fnMap":{},"branchMap":{},"s":{"0":2,"1":2,"2":2,"3":2,"4":2,"5":2,"6":2,"7":2,"8":2,"9":2,"10":2},"f":{},"b":{},"_coverageSchema":"43e27e138ebf9cfc5966b082cf9a028302ed4184","hash":"44c8c7bd3c2969faa10987b559176ba2df1aaac1"}
,"/Users/danielteale/Code Projects/assignments/assignment-draft-api/routes/resource_routes.js": {"path":"/Users/danielteale/Code Projects/assignments/assignment-draft-api/routes/resource_routes.js","statementMap":{"0":{"start":{"line":1,"column":16},"end":{"line":1,"column":34}},"1":{"start":{"line":2,"column":15},"end":{"line":2,"column":31}},"2":{"start":{"line":3,"column":33},"end":{"line":3,"column":73}},"3":{"start":{"line":4,"column":22},"end":{"line":4,"column":42}},"4":{"start":{"line":5,"column":17},"end":{"line":5,"column":36}},"5":{"start":{"line":7,"column":27},"end":{"line":7,"column":74}},"6":{"start":{"line":9,"column":0},"end":{"line":9,"column":42}},"7":{"start":{"line":10,"column":0},"end":{"line":10,"column":43}},"8":{"start":{"line":11,"column":0},"end":{"line":11,"column":127}},"9":{"start":{"line":12,"column":0},"end":{"line":12,"column":129}},"10":{"start":{"line":13,"column":0},"end":{"line":13,"column":131}},"11":{"start":{"line":14,"column":0},"end":{"line":14,"column":99}},"12":{"start":{"line":16,"column":0},"end":{"line":16,"column":24}}},"fnMap":{},"branchMap":{},"s":{"0":2,"1":2,"2":2,"3":2,"4":2,"5":2,"6":2,"7":2,"8":2,"9":2,"10":2,"11":2,"12":2},"f":{},"b":{},"_coverageSchema":"43e27e138ebf9cfc5966b082cf9a028302ed4184","hash":"1c3c3c5857480c3658e6bff86a5763e4f04c43ae"}
,"/Users/danielteale/Code Projects/assignments/assignment-draft-api/routes/sponsor_routes.js": {"path":"/Users/danielteale/Code Projects/assignments/assignment-draft-api/routes/sponsor_routes.js","statementMap":{"0":{"start":{"line":1,"column":16},"end":{"line":1,"column":34}},"1":{"start":{"line":2,"column":15},"end":{"line":2,"column":31}},"2":{"start":{"line":3,"column":20},"end":{"line":3,"column":40}},"3":{"start":{"line":4,"column":26},"end":{"line":4,"column":70}},"4":{"start":{"line":5,"column":30},"end":{"line":5,"column":70}},"5":{"start":{"line":6,"column":17},"end":{"line":6,"column":36}},"6":{"start":{"line":8,"column":0},"end":{"line":8,"column":40}},"7":{"start":{"line":10,"column":0},"end":{"line":10,"column":42}},"8":{"start":{"line":12,"column":0},"end":{"line":12,"column":93}},"9":{"start":{"line":14,"column":0},"end":{"line":14,"column":127}},"10":{"start":{"line":15,"column":0},"end":{"line":15,"column":129}},"11":{"start":{"line":17,"column":0},"end":{"line":17,"column":47}},"12":{"start":{"line":19,"column":0},"end":{"line":19,"column":24}}},"fnMap":{},"branchMap":{},"s":{"0":2,"1":2,"2":2,"3":2,"4":2,"5":2,"6":2,"7":2,"8":2,"9":2,"10":2,"11":2,"12":2},"f":{},"b":{},"_coverageSchema":"43e27e138ebf9cfc5966b082cf9a028302ed4184","hash":"c3eff3c511e7298de377c200c1befb1cdf08c69c"}
,"/Users/danielteale/Code Projects/assignments/assignment-draft-api/services/aws_service.js": {"path":"/Users/danielteale/Code Projects/assignments/assignment-draft-api/services/aws_service.js","statementMap":{"0":{"start":{"line":1,"column":12},"end":{"line":1,"column":30}},"1":{"start":{"line":2,"column":11},"end":{"line":2,"column":30}},"2":{"start":{"line":3,"column":17},"end":{"line":3,"column":36}},"3":{"start":{"line":4,"column":17},"end":{"line":4,"column":37}},"4":{"start":{"line":5,"column":19},"end":{"line":5,"column":40}},"5":{"start":{"line":7,"column":0},"end":{"line":10,"column":3}},"6":{"start":{"line":12,"column":0},"end":{"line":12,"column":43}},"7":{"start":{"line":14,"column":11},"end":{"line":14,"column":23}},"8":{"start":{"line":16,"column":19},"end":{"line":25,"column":1}},"9":{"start":{"line":17,"column":17},"end":{"line":23,"column":3}},"10":{"start":{"line":24,"column":2},"end":{"line":24,"column":36}},"11":{"start":{"line":27,"column":19},"end":{"line":35,"column":1}},"12":{"start":{"line":28,"column":15},"end":{"line":28,"column":33}},"13":{"start":{"line":29,"column":17},"end":{"line":29,"column":38}},"14":{"start":{"line":30,"column":15},"end":{"line":30,"column":31}},"15":{"start":{"line":31,"column":20},"end":{"line":31,"column":41}},"16":{"start":{"line":32,"column":19},"end":{"line":32,"column":41}},"17":{"start":{"line":33,"column":15},"end":{"line":33,"column":55}},"18":{"start":{"line":34,"column":2},"end":{"line":34,"column":13}},"19":{"start":{"line":37,"column":26},"end":{"line":50,"column":1}},"20":{"start":{"line":38,"column":21},"end":{"line":38,"column":23}},"21":{"start":{"line":39,"column":2},"end":{"line":43,"column":3}},"22":{"start":{"line":40,"column":4},"end":{"line":42,"column":5}},"23":{"start":{"line":41,"column":6},"end":{"line":41,"column":38}},"24":{"start":{"line":44,"column":2},"end":{"line":48,"column":3}},"25":{"start":{"line":45,"column":4},"end":{"line":45,"column":36}},"26":{"start":{"line":47,"column":4},"end":{"line":47,"column":27}},"27":{"start":{"line":49,"column":2},"end":{"line":49,"column":19}},"28":{"start":{"line":52,"column":26},"end":{"line":62,"column":1}},"29":{"start":{"line":53,"column":2},"end":{"line":57,"column":3}},"30":{"start":{"line":54,"column":4},"end":{"line":56,"column":5}},"31":{"start":{"line":55,"column":6},"end":{"line":55,"column":33}},"32":{"start":{"line":58,"column":2},"end":{"line":60,"column":3}},"33":{"start":{"line":59,"column":4},"end":{"line":59,"column":31}},"34":{"start":{"line":61,"column":2},"end":{"line":61,"column":14}},"35":{"start":{"line":64,"column":0},"end":{"line":69,"column":2}}},"fnMap":{"0":{"name":"(anonymous_0)","decl":{"start":{"line":16,"column":19},"end":{"line":16,"column":20}},"loc":{"start":{"line":16,"column":43},"end":{"line":25,"column":1}},"line":16},"1":{"name":"(anonymous_1)","decl":{"start":{"line":27,"column":19},"end":{"line":27,"column":20}},"loc":{"start":{"line":27,"column":36},"end":{"line":35,"column":1}},"line":27},"2":{"name":"(anonymous_2)","decl":{"start":{"line":37,"column":26},"end":{"line":37,"column":27}},"loc":{"start":{"line":37,"column":44},"end":{"line":50,"column":1}},"line":37},"3":{"name":"(anonymous_3)","decl":{"start":{"line":52,"column":26},"end":{"line":52,"column":27}},"loc":{"start":{"line":52,"column":51},"end":{"line":62,"column":1}},"line":52}},"branchMap":{"0":{"loc":{"start":{"line":40,"column":4},"end":{"line":42,"column":5}},"type":"if","locations":[{"start":{"line":40,"column":4},"end":{"line":42,"column":5}},{"start":{"line":40,"column":4},"end":{"line":42,"column":5}}],"line":40},"1":{"loc":{"start":{"line":44,"column":2},"end":{"line":48,"column":3}},"type":"if","locations":[{"start":{"line":44,"column":2},"end":{"line":48,"column":3}},{"start":{"line":44,"column":2},"end":{"line":48,"column":3}}],"line":44},"2":{"loc":{"start":{"line":54,"column":4},"end":{"line":56,"column":5}},"type":"if","locations":[{"start":{"line":54,"column":4},"end":{"line":56,"column":5}},{"start":{"line":54,"column":4},"end":{"line":56,"column":5}}],"line":54},"3":{"loc":{"start":{"line":58,"column":2},"end":{"line":60,"column":3}},"type":"if","locations":[{"start":{"line":58,"column":2},"end":{"line":60,"column":3}},{"start":{"line":58,"column":2},"end":{"line":60,"column":3}}],"line":58}},"s":{"0":2,"1":2,"2":2,"3":2,"4":2,"5":2,"6":2,"7":2,"8":2,"9":0,"10":0,"11":2,"12":0,"13":0,"14":0,"15":0,"16":0,"17":0,"18":0,"19":2,"20":0,"21":0,"22":0,"23":0,"24":0,"25":0,"26":0,"27":0,"28":2,"29":1,"30":2,"31":2,"32":1,"33":0,"34":1,"35":2},"f":{"0":0,"1":0,"2":0,"3":1},"b":{"0":[0,0],"1":[0,0],"2":[2,0],"3":[0,1]},"_coverageSchema":"43e27e138ebf9cfc5966b082cf9a028302ed4184","hash":"5416c4f28f8d72d9565b86a75fcb644781c9f07f"}
,"/Users/danielteale/Code Projects/assignments/assignment-draft-api/services/celebrate_service.js": {"path":"/Users/danielteale/Code Projects/assignments/assignment-draft-api/services/celebrate_service.js","statementMap":{"0":{"start":{"line":1,"column":16},"end":{"line":1,"column":36}},"1":{"start":{"line":3,"column":25},"end":{"line":14,"column":1}},"2":{"start":{"line":17,"column":26},"end":{"line":28,"column":1}},"3":{"start":{"line":30,"column":32},"end":{"line":39,"column":1}},"4":{"start":{"line":41,"column":28},"end":{"line":46,"column":1}},"5":{"start":{"line":48,"column":28},"end":{"line":55,"column":1}},"6":{"start":{"line":57,"column":29},"end":{"line":63,"column":1}},"7":{"start":{"line":65,"column":0},"end":{"line":72,"column":1}}},"fnMap":{},"branchMap":{},"s":{"0":2,"1":2,"2":2,"3":2,"4":2,"5":2,"6":2,"7":2},"f":{},"b":{},"_coverageSchema":"43e27e138ebf9cfc5966b082cf9a028302ed4184","hash":"cc843ca027ca6951fc42da01211593f42857da9c"}
,"/Users/danielteale/Code Projects/assignments/assignment-draft-api/services/jwt_service.js": {"path":"/Users/danielteale/Code Projects/assignments/assignment-draft-api/services/jwt_service.js","statementMap":{"0":{"start":{"line":1,"column":12},"end":{"line":1,"column":35}},"1":{"start":{"line":2,"column":15},"end":{"line":2,"column":19}},"2":{"start":{"line":5,"column":16},"end":{"line":12,"column":4}},"3":{"start":{"line":13,"column":2},"end":{"line":13,"column":15}},"4":{"start":{"line":16,"column":0},"end":{"line":18,"column":1}}},"fnMap":{"0":{"name":"generateToken","decl":{"start":{"line":4,"column":9},"end":{"line":4,"column":22}},"loc":{"start":{"line":4,"column":29},"end":{"line":14,"column":1}},"line":4}},"branchMap":{},"s":{"0":2,"1":2,"2":5,"3":5,"4":2},"f":{"0":5},"b":{},"_coverageSchema":"43e27e138ebf9cfc5966b082cf9a028302ed4184","hash":"8b5a6633fa482fdac7e3f23ee96717e9a7aac680"}
}
