TN:
SF:/Users/danielteale/Code Projects/assignments/assignment-draft-api/app.js
FNF:0
FNH:0
DA:1,2
DA:2,2
DA:3,2
DA:4,2
DA:5,2
DA:6,2
DA:8,2
DA:10,2
DA:14,2
DA:15,2
DA:17,2
DA:19,2
DA:21,2
LF:13
LH:13
BRF:0
BRH:0
end_of_record
TN:
SF:/Users/danielteale/Code Projects/assignments/assignment-draft-api/config/passport.js
FN:13,(anonymous_0)
FNF:1
FNH:1
FNDA:3,(anonymous_0)
DA:1,2
DA:2,2
DA:3,2
DA:4,2
DA:6,2
DA:7,2
DA:9,2
DA:14,3
DA:15,3
DA:17,3
DA:18,0
DA:21,3
DA:23,0
DA:28,2
LF:14
LH:12
BRDA:17,0,0,0
BRDA:17,0,1,3
BRF:2
BRH:1
end_of_record
TN:
SF:/Users/danielteale/Code Projects/assignments/assignment-draft-api/controllers/chapter_controller.js
FN:3,index
FN:12,show
FN:22,create
FN:33,update
FN:41,(anonymous_4)
FN:43,(anonymous_5)
FN:44,(anonymous_6)
FN:56,remove
FNF:8
FNH:0
FNDA:0,index
FNDA:0,show
FNDA:0,create
FNDA:0,update
FNDA:0,(anonymous_4)
FNDA:0,(anonymous_5)
FNDA:0,(anonymous_6)
FNDA:0,remove
DA:1,2
DA:4,0
DA:5,0
DA:6,0
DA:8,0
DA:13,0
DA:14,0
DA:15,0
DA:16,0
DA:18,0
DA:23,0
DA:24,0
DA:25,0
DA:26,0
DA:27,0
DA:29,0
DA:34,0
DA:35,0
DA:36,0
DA:37,0
DA:38,0
DA:39,0
DA:40,0
DA:41,0
DA:42,0
DA:43,0
DA:45,0
DA:48,0
DA:49,0
DA:50,0
DA:52,0
DA:57,0
DA:58,0
DA:59,0
DA:60,0
DA:61,0
DA:63,0
DA:67,2
LF:38
LH:2
BRDA:40,0,0,0
BRDA:40,0,1,0
BRF:2
BRH:0
end_of_record
TN:
SF:/Users/danielteale/Code Projects/assignments/assignment-draft-api/controllers/event_controller.js
FN:7,index
FN:16,show
FN:26,chapterIndex
FN:37,create
FN:39,(anonymous_4)
FN:79,update
FN:82,(anonymous_6)
FN:152,remove
FNF:8
FNH:5
FNDA:1,index
FNDA:0,show
FNDA:0,chapterIndex
FNDA:1,create
FNDA:1,(anonymous_4)
FNDA:1,update
FNDA:1,(anonymous_6)
FNDA:0,remove
DA:1,2
DA:2,2
DA:3,2
DA:4,2
DA:5,2
DA:8,1
DA:9,1
DA:10,1
DA:12,0
DA:17,0
DA:18,0
DA:19,0
DA:20,0
DA:22,0
DA:27,0
DA:28,0
DA:29,0
DA:30,0
DA:32,0
DA:38,1
DA:39,1
DA:40,1
DA:41,1
DA:42,1
DA:44,1
DA:45,0
DA:46,0
DA:47,0
DA:48,0
DA:49,0
DA:51,0
DA:53,1
DA:54,1
DA:55,9
DA:58,1
DA:59,0
DA:61,1
DA:64,1
DA:65,1
DA:66,1
DA:67,1
DA:68,1
DA:70,0
DA:73,0
DA:81,1
DA:82,1
DA:83,1
DA:85,1
DA:87,1
DA:88,0
DA:89,0
DA:90,0
DA:91,0
DA:92,0
DA:94,0
DA:97,1
DA:98,1
DA:99,1
DA:102,1
DA:103,0
DA:105,1
DA:111,1
DA:112,1
DA:114,1
DA:115,1
DA:116,1
DA:118,0
DA:121,0
DA:153,0
DA:155,0
DA:156,0
DA:157,0
DA:158,0
DA:160,0
DA:164,2
LF:75
LH:40
BRDA:40,0,0,0
BRDA:40,0,1,1
BRDA:44,1,0,0
BRDA:44,1,1,1
BRDA:58,2,0,0
BRDA:58,2,1,1
BRDA:83,3,0,0
BRDA:83,3,1,1
BRDA:87,4,0,0
BRDA:87,4,1,1
BRDA:102,5,0,0
BRDA:102,5,1,1
BRF:12
BRH:6
end_of_record
TN:
SF:/Users/danielteale/Code Projects/assignments/assignment-draft-api/controllers/mailing_list_controller.js
FN:3,index
FN:12,show
FN:22,chapterIndex
FN:32,create
FN:43,update
FN:61,remove
FNF:6
FNH:0
FNDA:0,index
FNDA:0,show
FNDA:0,chapterIndex
FNDA:0,create
FNDA:0,update
FNDA:0,remove
DA:1,2
DA:4,0
DA:5,0
DA:6,0
DA:8,0
DA:13,0
DA:14,0
DA:15,0
DA:16,0
DA:18,0
DA:23,0
DA:24,0
DA:25,0
DA:26,0
DA:28,0
DA:33,0
DA:34,0
DA:35,0
DA:36,0
DA:37,0
DA:39,0
DA:44,0
DA:45,0
DA:46,0
DA:47,0
DA:49,0
DA:50,0
DA:51,0
DA:53,0
DA:55,0
DA:57,0
DA:62,0
DA:63,0
DA:64,0
DA:65,0
DA:66,0
DA:68,0
DA:72,2
LF:38
LH:2
BRF:0
BRH:0
end_of_record
TN:
SF:/Users/danielteale/Code Projects/assignments/assignment-draft-api/controllers/news_controller.js
FN:5,index
FN:14,create
FN:17,(anonymous_2)
FN:45,update
FN:48,(anonymous_4)
FN:74,remove
FNF:6
FNH:0
FNDA:0,index
FNDA:0,create
FNDA:0,(anonymous_2)
FNDA:0,update
FNDA:0,(anonymous_4)
FNDA:0,remove
DA:1,2
DA:2,2
DA:3,2
DA:6,0
DA:7,0
DA:8,0
DA:10,0
DA:16,0
DA:17,0
DA:18,0
DA:19,0
DA:20,0
DA:21,0
DA:23,0
DA:25,0
DA:27,0
DA:28,0
DA:30,0
DA:32,0
DA:33,0
DA:34,0
DA:35,0
DA:37,0
DA:40,0
DA:46,0
DA:47,0
DA:48,0
DA:49,0
DA:50,0
DA:51,0
DA:52,0
DA:54,0
DA:55,0
DA:57,0
DA:59,0
DA:61,0
DA:62,0
DA:63,0
DA:64,0
DA:66,0
DA:69,0
DA:75,0
DA:76,0
DA:77,0
DA:78,0
DA:79,0
DA:80,0
DA:82,0
DA:86,2
LF:49
LH:4
BRDA:18,0,0,0
BRDA:18,0,1,0
BRDA:20,1,0,0
BRDA:20,1,1,0
BRDA:49,2,0,0
BRDA:49,2,1,0
BRDA:51,3,0,0
BRDA:51,3,1,0
BRF:8
BRH:0
end_of_record
TN:
SF:/Users/danielteale/Code Projects/assignments/assignment-draft-api/controllers/resource_controller.js
FN:3,index
FN:12,show
FN:22,create
FN:35,update
FN:52,remove
FNF:5
FNH:0
FNDA:0,index
FNDA:0,show
FNDA:0,create
FNDA:0,update
FNDA:0,remove
DA:1,2
DA:4,0
DA:5,0
DA:6,0
DA:8,0
DA:13,0
DA:14,0
DA:15,0
DA:16,0
DA:18,0
DA:23,0
DA:24,0
DA:26,0
DA:27,0
DA:28,0
DA:29,0
DA:31,0
DA:36,0
DA:37,0
DA:38,0
DA:40,0
DA:41,0
DA:42,0
DA:43,0
DA:44,0
DA:46,0
DA:48,0
DA:53,0
DA:55,0
DA:56,0
DA:57,0
DA:58,0
DA:60,0
DA:64,2
LF:34
LH:2
BRF:0
BRH:0
end_of_record
TN:
SF:/Users/danielteale/Code Projects/assignments/assignment-draft-api/controllers/sponsor_controller.js
FN:5,index
FN:14,show
FN:24,create
FN:26,(anonymous_3)
FN:48,update
FN:51,(anonymous_5)
FN:68,remove
FNF:7
FNH:0
FNDA:0,index
FNDA:0,show
FNDA:0,create
FNDA:0,(anonymous_3)
FNDA:0,update
FNDA:0,(anonymous_5)
FNDA:0,remove
DA:1,2
DA:2,2
DA:3,2
DA:6,0
DA:7,0
DA:8,0
DA:10,0
DA:15,0
DA:16,0
DA:17,0
DA:18,0
DA:20,0
DA:25,0
DA:26,0
DA:27,0
DA:28,0
DA:29,0
DA:30,0
DA:32,0
DA:34,0
DA:36,0
DA:37,0
DA:38,0
DA:39,0
DA:41,0
DA:44,0
DA:49,0
DA:50,0
DA:51,0
DA:52,0
DA:53,0
DA:54,0
DA:55,0
DA:57,0
DA:58,0
DA:59,0
DA:60,0
DA:61,0
DA:63,0
DA:69,0
DA:70,0
DA:71,0
DA:72,0
DA:73,0
DA:75,0
DA:79,2
LF:46
LH:4
BRDA:27,0,0,0
BRDA:27,0,1,0
BRDA:29,1,0,0
BRDA:29,1,1,0
BRDA:52,2,0,0
BRDA:52,2,1,0
BRDA:54,3,0,0
BRDA:54,3,1,0
BRF:8
BRH:0
end_of_record
TN:
SF:/Users/danielteale/Code Projects/assignments/assignment-draft-api/controllers/user_controller.js
FN:7,register
FN:9,(anonymous_1)
FN:21,(anonymous_2)
FN:38,loginVerify
FN:56,update
FN:58,(anonymous_5)
FN:86,refresh
FN:98,index
FN:107,(anonymous_8)
FNF:9
FNH:3
FNDA:0,register
FNDA:0,(anonymous_1)
FNDA:0,(anonymous_2)
FNDA:3,loginVerify
FNDA:1,update
FNDA:1,(anonymous_5)
FNDA:0,refresh
FNDA:0,index
FNDA:0,(anonymous_8)
DA:1,2
DA:2,2
DA:3,2
DA:4,2
DA:5,2
DA:8,0
DA:9,0
DA:10,0
DA:12,0
DA:13,0
DA:14,0
DA:16,0
DA:18,0
DA:19,0
DA:21,0
DA:22,0
DA:23,0
DA:25,0
DA:26,0
DA:27,0
DA:28,0
DA:29,0
DA:30,0
DA:33,0
DA:39,3
DA:40,3
DA:41,3
DA:42,1
DA:44,2
DA:45,2
DA:46,0
DA:48,2
DA:49,2
DA:50,2
DA:51,2
DA:52,2
DA:53,2
DA:57,1
DA:58,1
DA:59,1
DA:61,1
DA:62,1
DA:63,0
DA:66,1
DA:67,1
DA:69,1
DA:70,1
DA:71,1
DA:72,1
DA:73,1
DA:74,1
DA:75,1
DA:77,0
DA:81,0
DA:87,0
DA:88,0
DA:90,0
DA:91,0
DA:92,0
DA:94,0
DA:99,0
DA:101,0
DA:102,0
DA:104,0
DA:105,0
DA:107,0
DA:108,0
DA:109,0
DA:111,0
DA:113,0
DA:117,2
LF:71
LH:32
BRDA:10,0,0,0
BRDA:10,0,1,0
BRDA:13,1,0,0
BRDA:13,1,1,0
BRDA:22,2,0,0
BRDA:22,2,1,0
BRDA:41,3,0,1
BRDA:41,3,1,2
BRDA:45,4,0,0
BRDA:45,4,1,2
BRDA:59,5,0,0
BRDA:59,5,1,1
BRDA:62,6,0,0
BRDA:62,6,1,1
BRDA:101,7,0,0
BRDA:101,7,1,0
BRF:16
BRH:5
end_of_record
TN:
SF:/Users/danielteale/Code Projects/assignments/assignment-draft-api/database/connect.js
FNF:0
FNH:0
DA:1,2
DA:2,2
DA:3,2
DA:5,2
DA:6,2
DA:7,2
DA:9,2
LF:7
LH:7
BRF:0
BRH:0
end_of_record
TN:
SF:/Users/danielteale/Code Projects/assignments/assignment-draft-api/database/models/chapter_model.js
FNF:0
FNH:0
DA:1,2
DA:2,2
DA:4,2
DA:6,2
LF:4
LH:4
BRF:0
BRH:0
end_of_record
TN:
SF:/Users/danielteale/Code Projects/assignments/assignment-draft-api/database/models/event_model.js
FNF:0
FNH:0
DA:1,2
DA:2,2
DA:4,2
DA:6,2
LF:4
LH:4
BRF:0
BRH:0
end_of_record
TN:
SF:/Users/danielteale/Code Projects/assignments/assignment-draft-api/database/models/mailing_list_model.js
FNF:0
FNH:0
DA:1,2
DA:2,2
DA:4,2
DA:6,2
LF:4
LH:4
BRF:0
BRH:0
end_of_record
TN:
SF:/Users/danielteale/Code Projects/assignments/assignment-draft-api/database/models/news_model.js
FNF:0
FNH:0
DA:1,2
DA:2,2
DA:4,2
DA:6,2
LF:4
LH:4
BRF:0
BRH:0
end_of_record
TN:
SF:/Users/danielteale/Code Projects/assignments/assignment-draft-api/database/models/resource_model.js
FNF:0
FNH:0
DA:1,2
DA:2,2
DA:4,2
DA:6,2
LF:4
LH:4
BRF:0
BRH:0
end_of_record
TN:
SF:/Users/danielteale/Code Projects/assignments/assignment-draft-api/database/models/sponsor_model.js
FNF:0
FNH:0
DA:1,2
DA:2,2
DA:4,2
DA:6,2
LF:4
LH:4
BRF:0
BRH:0
end_of_record
TN:
SF:/Users/danielteale/Code Projects/assignments/assignment-draft-api/database/models/user_model.js
FNF:0
FNH:0
DA:1,2
DA:2,2
DA:4,2
DA:6,2
LF:4
LH:4
BRF:0
BRH:0
end_of_record
TN:
SF:/Users/danielteale/Code Projects/assignments/assignment-draft-api/database/schema/chapter_schema.js
FNF:0
FNH:0
DA:1,2
DA:2,2
DA:3,2
DA:5,2
DA:16,2
LF:5
LH:5
BRF:0
BRH:0
end_of_record
TN:
SF:/Users/danielteale/Code Projects/assignments/assignment-draft-api/database/schema/event_schema.js
FNF:0
FNH:0
DA:1,2
DA:3,2
DA:49,2
LF:3
LH:3
BRF:0
BRH:0
end_of_record
TN:
SF:/Users/danielteale/Code Projects/assignments/assignment-draft-api/database/schema/mailing_list_schema.js
FNF:0
FNH:0
DA:1,2
DA:2,2
DA:4,2
DA:16,2
LF:4
LH:4
BRF:0
BRH:0
end_of_record
TN:
SF:/Users/danielteale/Code Projects/assignments/assignment-draft-api/database/schema/news_schema.js
FNF:0
FNH:0
DA:1,2
DA:2,2
DA:4,2
DA:27,2
LF:4
LH:4
BRF:0
BRH:0
end_of_record
TN:
SF:/Users/danielteale/Code Projects/assignments/assignment-draft-api/database/schema/resource_schema.js
FNF:0
FNH:0
DA:1,2
DA:3,2
DA:18,2
LF:3
LH:3
BRF:0
BRH:0
end_of_record
TN:
SF:/Users/danielteale/Code Projects/assignments/assignment-draft-api/database/schema/sponsor_schema.js
FNF:0
FNH:0
DA:1,2
DA:3,2
DA:21,2
LF:3
LH:3
BRF:0
BRH:0
end_of_record
TN:
SF:/Users/danielteale/Code Projects/assignments/assignment-draft-api/database/schema/user_schema.js
FNF:0
FNH:0
DA:1,2
DA:2,2
DA:3,2
DA:5,2
DA:28,2
DA:30,2
LF:6
LH:6
BRF:0
BRH:0
end_of_record
TN:
SF:/Users/danielteale/Code Projects/assignments/assignment-draft-api/routes/auth_routes.js
FNF:0
FNH:0
DA:1,2
DA:2,2
DA:3,2
DA:4,2
DA:5,2
DA:6,2
DA:9,2
DA:10,2
DA:11,2
DA:12,2
DA:13,2
DA:14,2
DA:16,2
LF:13
LH:13
BRF:0
BRH:0
end_of_record
TN:
SF:/Users/danielteale/Code Projects/assignments/assignment-draft-api/routes/chapter_routes.js
FNF:0
FNH:0
DA:1,2
DA:2,2
DA:3,2
DA:4,2
DA:5,2
DA:6,2
DA:8,2
DA:10,2
DA:12,2
DA:14,2
DA:15,2
DA:17,2
DA:19,2
LF:13
LH:13
BRF:0
BRH:0
end_of_record
TN:
SF:/Users/danielteale/Code Projects/assignments/assignment-draft-api/routes/event_routes.js
FNF:0
FNH:0
DA:1,2
DA:2,2
DA:3,2
DA:4,2
DA:5,2
DA:7,2
DA:9,2
DA:10,2
DA:11,2
DA:12,2
DA:13,2
DA:14,2
DA:15,2
DA:17,2
LF:14
LH:14
BRF:0
BRH:0
end_of_record
TN:
SF:/Users/danielteale/Code Projects/assignments/assignment-draft-api/routes/index.js
FN:13,(anonymous_0)
FNF:1
FNH:0
FNDA:0,(anonymous_0)
DA:1,2
DA:2,2
DA:3,2
DA:4,2
DA:5,2
DA:6,2
DA:7,2
DA:8,2
DA:9,2
DA:10,2
DA:11,2
DA:13,2
DA:15,2
DA:16,2
DA:17,2
DA:18,2
DA:19,2
DA:20,2
DA:21,2
DA:23,2
LF:20
LH:20
BRF:0
BRH:0
end_of_record
TN:
SF:/Users/danielteale/Code Projects/assignments/assignment-draft-api/routes/mailing_list_routes.js
FNF:0
FNH:0
DA:1,2
DA:2,2
DA:3,2
DA:4,2
DA:5,2
DA:7,2
DA:9,2
DA:11,2
DA:13,2
DA:15,2
DA:16,2
DA:18,2
DA:20,2
LF:13
LH:13
BRF:0
BRH:0
end_of_record
TN:
SF:/Users/danielteale/Code Projects/assignments/assignment-draft-api/routes/news_routes.js
FNF:0
FNH:0
DA:1,2
DA:2,2
DA:3,2
DA:4,2
DA:5,2
DA:7,2
DA:9,2
DA:11,2
DA:12,2
DA:14,2
DA:16,2
LF:11
LH:11
BRF:0
BRH:0
end_of_record
TN:
SF:/Users/danielteale/Code Projects/assignments/assignment-draft-api/routes/resource_routes.js
FNF:0
FNH:0
DA:1,2
DA:2,2
DA:3,2
DA:4,2
DA:5,2
DA:7,2
DA:9,2
DA:10,2
DA:11,2
DA:12,2
DA:13,2
DA:14,2
DA:16,2
LF:13
LH:13
BRF:0
BRH:0
end_of_record
TN:
SF:/Users/danielteale/Code Projects/assignments/assignment-draft-api/routes/sponsor_routes.js
FNF:0
FNH:0
DA:1,2
DA:2,2
DA:3,2
DA:4,2
DA:5,2
DA:6,2
DA:8,2
DA:10,2
DA:12,2
DA:14,2
DA:15,2
DA:17,2
DA:19,2
LF:13
LH:13
BRF:0
BRH:0
end_of_record
TN:
SF:/Users/danielteale/Code Projects/assignments/assignment-draft-api/services/aws_service.js
FN:16,(anonymous_0)
FN:27,(anonymous_1)
FN:37,(anonymous_2)
FN:52,(anonymous_3)
FNF:4
FNH:1
FNDA:0,(anonymous_0)
FNDA:0,(anonymous_1)
FNDA:0,(anonymous_2)
FNDA:1,(anonymous_3)
DA:1,2
DA:2,2
DA:3,2
DA:4,2
DA:5,2
DA:7,2
DA:12,2
DA:14,2
DA:16,2
DA:17,0
DA:24,0
DA:27,2
DA:28,0
DA:29,0
DA:30,0
DA:31,0
DA:32,0
DA:33,0
DA:34,0
DA:37,2
DA:38,0
DA:39,0
DA:40,0
DA:41,0
DA:44,0
DA:45,0
DA:47,0
DA:49,0
DA:52,2
DA:53,1
DA:54,2
DA:55,2
DA:58,1
DA:59,0
DA:61,1
DA:64,2
LF:36
LH:18
BRDA:40,0,0,0
BRDA:40,0,1,0
BRDA:44,1,0,0
BRDA:44,1,1,0
BRDA:54,2,0,2
BRDA:54,2,1,0
BRDA:58,3,0,0
BRDA:58,3,1,1
BRF:8
BRH:2
end_of_record
TN:
SF:/Users/danielteale/Code Projects/assignments/assignment-draft-api/services/celebrate_service.js
FNF:0
FNH:0
DA:1,2
DA:3,2
DA:17,2
DA:30,2
DA:41,2
DA:48,2
DA:57,2
DA:65,2
LF:8
LH:8
BRF:0
BRH:0
end_of_record
TN:
SF:/Users/danielteale/Code Projects/assignments/assignment-draft-api/services/jwt_service.js
FN:4,generateToken
FNF:1
FNH:1
FNDA:5,generateToken
DA:1,2
DA:2,2
DA:5,5
DA:13,5
DA:16,2
LF:5
LH:5
BRF:0
BRH:0
end_of_record
